###############################################################################
#
# IAR ANSI C/C++ Compiler V7.60.2.11341/W32 for ARM       04/Jul/2017  10:13:24
# Copyright 1999-2016 IAR Systems AB.
#
#    Cpu mode     =  thumb
#    Endian       =  little
#    Source file  =  
#        C:\Users\shize\Desktop\电设\bloodc\project\plane\app\ball.c
#    Command line =  
#        C:\Users\shize\Desktop\电设\bloodc\project\plane\app\ball.c -D
#        LPLD_K60 -D USE_K60DZ10 -lCN
#        C:\Users\shize\Desktop\电设\bloodc\project\plane\iar\FLASH\List -lB
#        C:\Users\shize\Desktop\电设\bloodc\project\plane\iar\FLASH\List -o
#        C:\Users\shize\Desktop\电设\bloodc\project\plane\iar\FLASH\Obj
#        --no_cse --no_unroll --no_inline --no_code_motion --no_tbaa
#        --no_clustering --no_scheduling --debug --endian=little
#        --cpu=Cortex-M4 -e --fpu=None --dlib_config "C:\Program Files
#        (x86)\IAR Systems\Embedded Workbench
#        7.4\arm\INC\c\DLib_Config_Normal.h" -I
#        C:\Users\shize\Desktop\电设\bloodc\project\plane\iar\..\app\ -I
#        C:\Users\shize\Desktop\电设\bloodc\project\plane\iar\..\..\..\lib\CPU\
#        -I
#        C:\Users\shize\Desktop\电设\bloodc\project\plane\iar\..\..\..\lib\common\
#        -I
#        C:\Users\shize\Desktop\电设\bloodc\project\plane\iar\..\..\..\lib\LPLD\
#        -I
#        C:\Users\shize\Desktop\电设\bloodc\project\plane\iar\..\..\..\lib\LPLD\HW\
#        -I
#        C:\Users\shize\Desktop\电设\bloodc\project\plane\iar\..\..\..\lib\LPLD\DEV\
#        -I
#        C:\Users\shize\Desktop\电设\bloodc\project\plane\iar\..\..\..\lib\LPLD\FUNC\
#        -I
#        C:\Users\shize\Desktop\电设\bloodc\project\plane\iar\..\..\..\lib\uCOS-II\Ports\
#        -I
#        C:\Users\shize\Desktop\电设\bloodc\project\plane\iar\..\..\..\lib\uCOS-II\Source\
#        -I
#        C:\Users\shize\Desktop\电设\bloodc\project\plane\iar\..\..\..\lib\FatFs\
#        -I
#        C:\Users\shize\Desktop\电设\bloodc\project\plane\iar\..\..\..\lib\FatFs\option\
#        -I
#        C:\Users\shize\Desktop\电设\bloodc\project\plane\iar\..\..\..\lib\USB\common\
#        -I
#        C:\Users\shize\Desktop\电设\bloodc\project\plane\iar\..\..\..\lib\USB\driver\
#        -I
#        C:\Users\shize\Desktop\电设\bloodc\project\plane\iar\..\..\..\lib\USB\descriptor\
#        -I
#        C:\Users\shize\Desktop\电设\bloodc\project\plane\iar\..\..\..\lib\USB\class\
#        -I C:\Users\shize\Desktop\电设\bloodc\project\plane\iar\..\my\ -Ol -I
#        "C:\Program Files (x86)\IAR Systems\Embedded Workbench
#        7.4\arm\CMSIS\Include\" -D ARM_MATH_CM4
#    Locale       =  Chinese (Simplified)_China.936
#    List file    =  
#        C:\Users\shize\Desktop\电设\bloodc\project\plane\iar\FLASH\List\ball.lst
#    Object file  =  
#        C:\Users\shize\Desktop\电设\bloodc\project\plane\iar\FLASH\Obj\ball.o
#
###############################################################################

C:\Users\shize\Desktop\电设\bloodc\project\plane\app\ball.c
      1          /**
      2           * --------------基于"拉普兰德K60底层库V3"的工程（ball）-----------------
      3           * @file ball.c
      4           * @version 0.0
      5           * @date 2013-9-29
      6           * @brief 关于该工程的描述
      7           *
      8           * 版权所有:北京拉普兰德电子技术有限公司
      9           * http://www.lpld.cn
     10           * mail:support@lpld.cn
     11           * 硬件平台:  LPLD K60 Card / LPLD K60 Nano
     12           *
     13           * 本工程基于"拉普兰德K60底层库V3"开发，
     14           * 所有开源代码均在"lib"文件夹下，用户不必更改该目录下代码，
     15           * 所有用户工程需保存在"project"文件夹下，以工程名定义文件夹名，
     16           * 底层库使用方法见相关文档。 
     17           *
     18           */
     19          #include "common.h"
     20          #include "initialzation.h"
     21             
     22          
     23          

   \                                 In section .text, align 2, keep-with-next
     24          void main (void)
     25          {
   \                     main: (+1)
   \   00000000   0xB580             PUSH     {R7,LR}
     26          
     27            DisableInterrupts;
   \   00000002   0xB672             CPSID    I
     28            initialzation();
   \   00000004   0x.... 0x....      BL       initialzation
     29            EnableInterrupts;
   \   00000008   0xB662             CPSIE    I
     30            while(1)
     31            {
     32             debug_write();
   \                     ??main_0: (+1)
   \   0000000A   0x.... 0x....      BL       debug_write
   \   0000000E   0xE7FC             B.N      ??main_0
     33            } 
     34          }
     35          

   Maximum stack usage in bytes:

   .cstack Function
   ------- --------
       8   main
         8   -> debug_write
         8   -> initialzation


   Section sizes:

   Bytes  Function/Label
   -----  --------------
      16  main

 
 16 bytes in section .text
 
 16 bytes of CODE memory

Errors: none
Warnings: none
