###############################################################################
#
# IAR ANSI C/C++ Compiler V7.60.2.11341/W32 for ARM       27/Jul/2017  17:12:39
# Copyright 1999-2016 IAR Systems AB.
#
#    Cpu mode     =  thumb
#    Endian       =  little
#    Source file  =  
#        C:\Users\shize\Desktop\电设\bloodc\project\balance-ball\my\initialzation.c
#    Command line =  
#        C:\Users\shize\Desktop\电设\bloodc\project\balance-ball\my\initialzation.c
#        -D LPLD_K60 -D USE_K60DZ10 -lCN
#        C:\Users\shize\Desktop\电设\bloodc\project\balance-ball\iar\FLASH\List
#        -lB
#        C:\Users\shize\Desktop\电设\bloodc\project\balance-ball\iar\FLASH\List
#        -o
#        C:\Users\shize\Desktop\电设\bloodc\project\balance-ball\iar\FLASH\Obj
#        --no_cse --no_unroll --no_inline --no_code_motion --no_tbaa
#        --no_clustering --no_scheduling --debug --endian=little
#        --cpu=Cortex-M4 -e --fpu=None --dlib_config "C:\Program Files
#        (x86)\IAR Systems\Embedded Workbench
#        7.4\arm\INC\c\DLib_Config_Normal.h" -I
#        C:\Users\shize\Desktop\电设\bloodc\project\balance-ball\iar\..\app\ -I
#        C:\Users\shize\Desktop\电设\bloodc\project\balance-ball\iar\..\..\..\lib\CPU\
#        -I
#        C:\Users\shize\Desktop\电设\bloodc\project\balance-ball\iar\..\..\..\lib\common\
#        -I
#        C:\Users\shize\Desktop\电设\bloodc\project\balance-ball\iar\..\..\..\lib\LPLD\
#        -I
#        C:\Users\shize\Desktop\电设\bloodc\project\balance-ball\iar\..\..\..\lib\LPLD\HW\
#        -I
#        C:\Users\shize\Desktop\电设\bloodc\project\balance-ball\iar\..\..\..\lib\LPLD\DEV\
#        -I
#        C:\Users\shize\Desktop\电设\bloodc\project\balance-ball\iar\..\..\..\lib\LPLD\FUNC\
#        -I
#        C:\Users\shize\Desktop\电设\bloodc\project\balance-ball\iar\..\..\..\lib\uCOS-II\Ports\
#        -I
#        C:\Users\shize\Desktop\电设\bloodc\project\balance-ball\iar\..\..\..\lib\uCOS-II\Source\
#        -I
#        C:\Users\shize\Desktop\电设\bloodc\project\balance-ball\iar\..\..\..\lib\FatFs\
#        -I
#        C:\Users\shize\Desktop\电设\bloodc\project\balance-ball\iar\..\..\..\lib\FatFs\option\
#        -I
#        C:\Users\shize\Desktop\电设\bloodc\project\balance-ball\iar\..\..\..\lib\USB\common\
#        -I
#        C:\Users\shize\Desktop\电设\bloodc\project\balance-ball\iar\..\..\..\lib\USB\driver\
#        -I
#        C:\Users\shize\Desktop\电设\bloodc\project\balance-ball\iar\..\..\..\lib\USB\descriptor\
#        -I
#        C:\Users\shize\Desktop\电设\bloodc\project\balance-ball\iar\..\..\..\lib\USB\class\
#        -I C:\Users\shize\Desktop\电设\bloodc\project\balance-ball\iar\..\my\
#        -Ol -I "C:\Program Files (x86)\IAR Systems\Embedded Workbench
#        7.4\arm\CMSIS\Include\" -D ARM_MATH_CM4
#    Locale       =  Chinese (Simplified)_China.936
#    List file    =  
#        C:\Users\shize\Desktop\电设\bloodc\project\balance-ball\iar\FLASH\List\initialzation.lst
#    Object file  =  
#        C:\Users\shize\Desktop\电设\bloodc\project\balance-ball\iar\FLASH\Obj\initialzation.o
#
###############################################################################

C:\Users\shize\Desktop\电设\bloodc\project\balance-ball\my\initialzation.c
      1          #include "initialzation.h"
      2          #include "math.h"
      3          
      4          #define DATA_LENGTH 4
      5          
      6          
      7          static void GPIO_init(void);
      8          static void PIT_init(void);
      9          static void uart_init(void);
     10          static void uart_init_b(void);
     11          static void uart_init_c(void);
     12          static void variation(void);
     13          static void debug_write_b(void);
     14          static void debug_write_c(void);
     15          static void FTM_init();
     16          static void FTM_init2();
     17          
     18          //extern char KO;
     19          extern float x;
     20          extern float y;
     21          extern float x_sit;
     22          extern float y_sit;
     23          extern float adress,adress2;
     24          extern float adress_err[DATA_LENGTH],adress_err2[DATA_LENGTH];
     25          extern char KI,KI2;
     26          extern float adress_err_all,adress_err_all2;
     27          
     28          
     29          //用于初始化的结构体

   \                                 In section .bss, align 4
     30          GPIO_InitTypeDef  gpio_init_struct;
   \                     gpio_init_struct:
   \   00000000                      DS8 20

   \                                 In section .bss, align 4
     31          PIT_InitTypeDef   pit_init_struct;
   \                     pit_init_struct:
   \   00000000                      DS8 20

   \                                 In section .bss, align 4
     32          UART_InitTypeDef  uart0_init_struct;
   \                     uart0_init_struct:
   \   00000000                      DS8 28

   \                                 In section .bss, align 4
     33          FTM_InitTypeDef   ftm_init_struct; 
   \                     ftm_init_struct:
   \   00000000                      DS8 28

   \                                 In section .bss, align 4
     34          NVIC_InitTypeDef  nvic;
   \                     nvic:
   \   00000000                      DS8 20
     35          
     36          

   \                                 In section .bss, align 4
     37          int8   send[4];
   \                     send:
   \   00000000                      DS8 4

   \                                 In section .bss, align 2
     38          uint16 TAKE,take1,take2,take;//a
   \                     TAKE:
   \   00000000                      DS8 2

   \                                 In section .bss, align 2
   \                     take1:
   \   00000000                      DS8 2

   \                                 In section .bss, align 2
   \                     take2:
   \   00000000                      DS8 2

   \                                 In section .bss, align 2
   \                     take:
   \   00000000                      DS8 2

   \                                 In section .bss, align 1
     39          uint8  gate1,gate2,gate;//b
   \                     gate1:
   \   00000000                      DS8 1

   \                                 In section .bss, align 1
   \                     gate2:
   \   00000000                      DS8 1

   \                                 In section .bss, align 1
   \                     gate:
   \   00000000                      DS8 1

   \                                 In section .bss, align 1
     40          uint8  site,site1,site2,site3;//c
   \                     site:
   \   00000000                      DS8 1

   \                                 In section .bss, align 1
   \                     site1:
   \   00000000                      DS8 1

   \                                 In section .bss, align 1
   \                     site2:
   \   00000000                      DS8 1

   \                                 In section .bss, align 1
   \                     site3:
   \   00000000                      DS8 1

   \                                 In section .bss, align 4
     41          float GATE;
   \                     GATE:
   \   00000000                      DS8 4
     42          
     43          
     44          //控制相关

   \                                 In section .bss, align 4
     45          float P,D,P1,I1,I,KD,KD2;
   \                     P:
   \   00000000                      DS8 4

   \                                 In section .bss, align 4
   \                     D:
   \   00000000                      DS8 4

   \                                 In section .bss, align 4
   \                     `P1`:
   \   00000000                      DS8 4

   \                                 In section .bss, align 4
   \                     I1:
   \   00000000                      DS8 4

   \                                 In section .bss, align 4
   \                     I:
   \   00000000                      DS8 4

   \                                 In section .bss, align 4
   \                     KD:
   \   00000000                      DS8 4

   \                                 In section .bss, align 4
   \                     KD2:
   \   00000000                      DS8 4

   \                                 In section .bss, align 4
     46          float P2,D2,P12,I12,I2;
   \                     `P2`:
   \   00000000                      DS8 4

   \                                 In section .bss, align 4
   \                     D2:
   \   00000000                      DS8 4

   \                                 In section .bss, align 4
   \                     `P12`:
   \   00000000                      DS8 4

   \                                 In section .bss, align 4
   \                     I12:
   \   00000000                      DS8 4

   \                                 In section .bss, align 4
   \                     I2:
   \   00000000                      DS8 4

   \                                 In section .bss, align 4
     47          float angle=0;
   \                     angle:
   \   00000000                      DS8 4

   \                                 In section .bss, align 4
     48          float angle2=0;
   \                     angle2:
   \   00000000                      DS8 4

   \                                 In section .bss, align 4
     49          float x_[8],y_[8];
   \                     x_:
   \   00000000                      DS8 32

   \                                 In section .bss, align 4
   \                     y_:
   \   00000000                      DS8 32
     50          
     51          

   \                                 In section .bss, align 1
     52          char start,fsend;
   \                     start:
   \   00000000                      DS8 1

   \                                 In section .bss, align 1
   \                     fsend:
   \   00000000                      DS8 1
     53          
     54          

   \                                 In section .text, align 2, keep-with-next
     55          void initialzation()
     56          {
   \                     initialzation: (+1)
   \   00000000   0xB580             PUSH     {R7,LR}
     57            uart_init();
   \   00000002   0x.... 0x....      BL       uart_init
     58            uart_init_b();
   \   00000006   0x.... 0x....      BL       uart_init_b
     59            uart_init_c();
   \   0000000A   0x.... 0x....      BL       uart_init_c
     60            variation();
   \   0000000E   0x.... 0x....      BL       variation
     61            GPIO_init();
   \   00000012   0x.... 0x....      BL       GPIO_init
     62            PIT_init();
   \   00000016   0x.... 0x....      BL       PIT_init
     63            FTM_init();
   \   0000001A   0x.... 0x....      BL       FTM_init
     64            FTM_init2();
   \   0000001E   0x.... 0x....      BL       FTM_init2
     65          
     66          }
   \   00000022   0xBD01             POP      {R0,PC}          ;; return
     67            

   \                                 In section .text, align 2, keep-with-next
     68          void variation()
     69          {
     70            P=3.28;
   \                     variation: (+1)
   \   00000000   0x.... 0x....      LDR.W    R0,??DataTable9  ;; 0x4051eb85
   \   00000004   0x.... 0x....      LDR.W    R1,??DataTable9_1
   \   00000008   0x6008             STR      R0,[R1, #+0]
     71            I=0.31;
   \   0000000A   0x.... 0x....      LDR.W    R0,??DataTable9_2  ;; 0x3e9eb852
   \   0000000E   0x.... 0x....      LDR.W    R1,??DataTable9_3
   \   00000012   0x6008             STR      R0,[R1, #+0]
     72            D=14.19;
   \   00000014   0x.... 0x....      LDR.W    R0,??DataTable9_4  ;; 0x41630a3d
   \   00000018   0x.... 0x....      LDR.W    R1,??DataTable9_5
   \   0000001C   0x6008             STR      R0,[R1, #+0]
     73          //  P1=2.05;
     74          //  I1=0.45;
     75          //  KD=KD2=0.79;
     76            P2=3.28;
   \   0000001E   0x.... 0x....      LDR.W    R0,??DataTable9  ;; 0x4051eb85
   \   00000022   0x.... 0x....      LDR.W    R1,??DataTable9_6
   \   00000026   0x6008             STR      R0,[R1, #+0]
     77            I2=0.31;
   \   00000028   0x.... 0x....      LDR.W    R0,??DataTable9_2  ;; 0x3e9eb852
   \   0000002C   0x.... 0x....      LDR.W    R1,??DataTable9_7
   \   00000030   0x6008             STR      R0,[R1, #+0]
     78            D2=14.19;
   \   00000032   0x.... 0x....      LDR.W    R0,??DataTable9_4  ;; 0x41630a3d
   \   00000036   0x.... 0x....      LDR.W    R1,??DataTable9_8
   \   0000003A   0x6008             STR      R0,[R1, #+0]
     79          //  P12=2.05;
     80          //  I12=0.45;
     81          //  fsend=1;
     82          //  start=0;
     83            x=x_sit=40;
   \   0000003C   0x.... 0x....      LDR.W    R0,??DataTable9_9  ;; 0x42200000
   \   00000040   0x.... 0x....      LDR.W    R1,??DataTable9_10
   \   00000044   0x6008             STR      R0,[R1, #+0]
   \   00000046   0x.... 0x....      LDR.W    R0,??DataTable9_10
   \   0000004A   0x6800             LDR      R0,[R0, #+0]
   \   0000004C   0x.... 0x....      LDR.W    R1,??DataTable9_11
   \   00000050   0x6008             STR      R0,[R1, #+0]
     84            y=y_sit=40;
   \   00000052   0x.... 0x....      LDR.W    R0,??DataTable9_9  ;; 0x42200000
   \   00000056   0x.... 0x....      LDR.W    R1,??DataTable9_12
   \   0000005A   0x6008             STR      R0,[R1, #+0]
   \   0000005C   0x.... 0x....      LDR.W    R0,??DataTable9_12
   \   00000060   0x6800             LDR      R0,[R0, #+0]
   \   00000062   0x.... 0x....      LDR.W    R1,??DataTable9_13
   \   00000066   0x6008             STR      R0,[R1, #+0]
     85          
     86          }
   \   00000068   0x4770             BX       LR               ;; return
     87          
     88          
     89          

   \                                 In section .text, align 2, keep-with-next
     90          void uart_init()
     91          {
   \                     uart_init: (+1)
   \   00000000   0xB5E0             PUSH     {R5-R7,LR}
     92            uart0_init_struct.UART_Uartx = UART4; //使用UART4
   \   00000002   0x.... 0x....      LDR.W    R0,??DataTable9_14  ;; 0x400ea000
   \   00000006   0x.... 0x....      LDR.W    R1,??DataTable9_15
   \   0000000A   0x6008             STR      R0,[R1, #+0]
     93            uart0_init_struct.UART_BaudRate = 115200; //设置波特率9600
   \   0000000C   0xF45F 0x30E1      MOVS     R0,#+115200
   \   00000010   0x.... 0x....      LDR.W    R1,??DataTable9_15
   \   00000014   0x6048             STR      R0,[R1, #+4]
     94            uart0_init_struct.UART_RxPin = PTE25;  //接收引脚为PTE9
   \   00000016   0x2095             MOVS     R0,#+149
   \   00000018   0x.... 0x....      LDR.W    R1,??DataTable9_15
   \   0000001C   0x7248             STRB     R0,[R1, #+9]
     95            uart0_init_struct.UART_TxPin = PTE24;  //发送引脚为PTE8
   \   0000001E   0x2094             MOVS     R0,#+148
   \   00000020   0x.... 0x....      LDR.W    R1,??DataTable9_15
   \   00000024   0x7208             STRB     R0,[R1, #+8]
     96            //初始化UART4
     97            LPLD_UART_Init(uart0_init_struct);
   \   00000026   0x.... 0x....      LDR.W    R1,??DataTable9_15
   \   0000002A   0xB084             SUB      SP,SP,#+16
   \   0000002C   0x4668             MOV      R0,SP
   \   0000002E   0x221C             MOVS     R2,#+28
   \   00000030   0x.... 0x....      BL       __aeabi_memcpy4
   \   00000034   0xBC0F             POP      {R0-R3}
   \   00000036   0x.... 0x....      BL       LPLD_UART_Init
     98            
     99          }
   \   0000003A   0xBD07             POP      {R0-R2,PC}       ;; return
    100          

   \                                 In section .text, align 2, keep-with-next
    101          void uart_init_b()
    102          {
   \                     uart_init_b: (+1)
   \   00000000   0xB5E0             PUSH     {R5-R7,LR}
    103            uart0_init_struct.UART_Uartx = UART0; //使用UART0
   \   00000002   0x.... 0x....      LDR.W    R0,??DataTable9_16  ;; 0x4006a000
   \   00000006   0x.... 0x....      LDR.W    R1,??DataTable9_15
   \   0000000A   0x6008             STR      R0,[R1, #+0]
    104            uart0_init_struct.UART_BaudRate = 115200; //设置波特率9600
   \   0000000C   0xF45F 0x30E1      MOVS     R0,#+115200
   \   00000010   0x.... 0x....      LDR.W    R1,??DataTable9_15
   \   00000014   0x6048             STR      R0,[R1, #+4]
    105            uart0_init_struct.UART_RxPin = PTA15;  //接收引脚为PTE9
   \   00000016   0x200F             MOVS     R0,#+15
   \   00000018   0x.... 0x....      LDR.W    R1,??DataTable9_15
   \   0000001C   0x7248             STRB     R0,[R1, #+9]
    106            uart0_init_struct.UART_TxPin = PTA14;  //发送引脚为PTE8
   \   0000001E   0x200E             MOVS     R0,#+14
   \   00000020   0x.... 0x....      LDR.W    R1,??DataTable9_15
   \   00000024   0x7208             STRB     R0,[R1, #+8]
    107            uart0_init_struct.UART_RxIntEnable=TRUE;
   \   00000026   0x2001             MOVS     R0,#+1
   \   00000028   0x.... 0x....      LDR.W    R1,??DataTable9_15
   \   0000002C   0x7288             STRB     R0,[R1, #+10]
    108            uart0_init_struct.UART_RxIsr = debug_write_b;
   \   0000002E   0x.... 0x....      ADR.W    R0,debug_write_b
   \   00000032   0x.... 0x....      LDR.W    R1,??DataTable9_15
   \   00000036   0x6148             STR      R0,[R1, #+20]
    109            //初始化UART0
    110            LPLD_UART_Init(uart0_init_struct);
   \   00000038   0x.... 0x....      LDR.W    R1,??DataTable9_15
   \   0000003C   0xB084             SUB      SP,SP,#+16
   \   0000003E   0x4668             MOV      R0,SP
   \   00000040   0x221C             MOVS     R2,#+28
   \   00000042   0x.... 0x....      BL       __aeabi_memcpy4
   \   00000046   0xBC0F             POP      {R0-R3}
   \   00000048   0x.... 0x....      BL       LPLD_UART_Init
    111            LPLD_UART_EnableIrq(uart0_init_struct) ;
   \   0000004C   0x.... 0x....      LDR.W    R1,??DataTable9_15
   \   00000050   0xB084             SUB      SP,SP,#+16
   \   00000052   0x4668             MOV      R0,SP
   \   00000054   0x221C             MOVS     R2,#+28
   \   00000056   0x.... 0x....      BL       __aeabi_memcpy4
   \   0000005A   0xBC0F             POP      {R0-R3}
   \   0000005C   0x.... 0x....      BL       LPLD_UART_EnableIrq
    112            
    113          }
   \   00000060   0xBD07             POP      {R0-R2,PC}       ;; return
    114          

   \                                 In section .text, align 2, keep-with-next
    115          void uart_init_c()
    116          {
   \                     uart_init_c: (+1)
   \   00000000   0xB5E0             PUSH     {R5-R7,LR}
    117            uart0_init_struct.UART_Uartx = UART3; //使用UART0
   \   00000002   0x.... 0x....      LDR.W    R0,??DataTable9_17  ;; 0x4006d000
   \   00000006   0x.... 0x....      LDR.W    R1,??DataTable9_15
   \   0000000A   0x6008             STR      R0,[R1, #+0]
    118            uart0_init_struct.UART_BaudRate = 115200; //设置波特率9600
   \   0000000C   0xF45F 0x30E1      MOVS     R0,#+115200
   \   00000010   0x.... 0x....      LDR.W    R1,??DataTable9_15
   \   00000014   0x6048             STR      R0,[R1, #+4]
    119            uart0_init_struct.UART_RxPin = PTB10;  //接收引脚为PTE9
   \   00000016   0x202A             MOVS     R0,#+42
   \   00000018   0x.... 0x....      LDR.W    R1,??DataTable9_15
   \   0000001C   0x7248             STRB     R0,[R1, #+9]
    120            uart0_init_struct.UART_TxPin = PTB11;  //发送引脚为PTE8
   \   0000001E   0x202B             MOVS     R0,#+43
   \   00000020   0x.... 0x....      LDR.W    R1,??DataTable9_15
   \   00000024   0x7208             STRB     R0,[R1, #+8]
    121            uart0_init_struct.UART_RxIntEnable=TRUE;
   \   00000026   0x2001             MOVS     R0,#+1
   \   00000028   0x.... 0x....      LDR.W    R1,??DataTable9_15
   \   0000002C   0x7288             STRB     R0,[R1, #+10]
    122            uart0_init_struct.UART_RxIsr = debug_write_c;
   \   0000002E   0x.... 0x....      ADR.W    R0,debug_write_c
   \   00000032   0x.... 0x....      LDR.W    R1,??DataTable9_15
   \   00000036   0x6148             STR      R0,[R1, #+20]
    123            //初始化UART0
    124            LPLD_UART_Init(uart0_init_struct);
   \   00000038   0x.... 0x....      LDR.W    R1,??DataTable9_15
   \   0000003C   0xB084             SUB      SP,SP,#+16
   \   0000003E   0x4668             MOV      R0,SP
   \   00000040   0x221C             MOVS     R2,#+28
   \   00000042   0x.... 0x....      BL       __aeabi_memcpy4
   \   00000046   0xBC0F             POP      {R0-R3}
   \   00000048   0x.... 0x....      BL       LPLD_UART_Init
    125            LPLD_UART_EnableIrq(uart0_init_struct) ;
   \   0000004C   0x.... 0x....      LDR.W    R1,??DataTable9_15
   \   00000050   0xB084             SUB      SP,SP,#+16
   \   00000052   0x4668             MOV      R0,SP
   \   00000054   0x221C             MOVS     R2,#+28
   \   00000056   0x.... 0x....      BL       __aeabi_memcpy4
   \   0000005A   0xBC0F             POP      {R0-R3}
   \   0000005C   0x.... 0x....      BL       LPLD_UART_EnableIrq
    126            
    127          }
   \   00000060   0xBD07             POP      {R0-R2,PC}       ;; return
    128          

   \                                 In section .text, align 2, keep-with-next
    129          void FTM_init()         
    130          {
   \                     FTM_init: (+1)
   \   00000000   0xB5E0             PUSH     {R5-R7,LR}
    131              ftm_init_struct.FTM_Ftmx = FTM0;	                //使能FTM0通道
   \   00000002   0x.... 0x....      LDR.W    R0,??DataTable9_18  ;; 0x40038000
   \   00000006   0x.... 0x....      LDR.W    R1,??DataTable9_19
   \   0000000A   0x6008             STR      R0,[R1, #+0]
    132              ftm_init_struct.FTM_Mode = FTM_MODE_PWM;	        //使能PWM模式
   \   0000000C   0x2001             MOVS     R0,#+1
   \   0000000E   0x.... 0x....      LDR.W    R1,??DataTable9_19
   \   00000012   0x7108             STRB     R0,[R1, #+4]
    133              ftm_init_struct.FTM_PwmFreq =200;         	//PWM频率kHz 7*1e5
   \   00000014   0x20C8             MOVS     R0,#+200
   \   00000016   0x.... 0x....      LDR.W    R1,??DataTable9_19
   \   0000001A   0x6088             STR      R0,[R1, #+8]
    134              LPLD_FTM_Init(ftm_init_struct);            
   \   0000001C   0x.... 0x....      LDR.W    R1,??DataTable9_19
   \   00000020   0xB084             SUB      SP,SP,#+16
   \   00000022   0x4668             MOV      R0,SP
   \   00000024   0x221C             MOVS     R2,#+28
   \   00000026   0x.... 0x....      BL       __aeabi_memcpy4
   \   0000002A   0xBC0F             POP      {R0-R3}
   \   0000002C   0x.... 0x....      BL       LPLD_FTM_Init
    135              LPLD_FTM_PWM_Enable(FTM0,FTM_Ch1,2560,PTC2,ALIGN_LEFT);  
   \   00000030   0x2028             MOVS     R0,#+40
   \   00000032   0x9000             STR      R0,[SP, #+0]
   \   00000034   0x233E             MOVS     R3,#+62
   \   00000036   0xF44F 0x6220      MOV      R2,#+2560
   \   0000003A   0x2101             MOVS     R1,#+1
   \   0000003C   0x.... 0x....      LDR.W    R0,??DataTable9_18  ;; 0x40038000
   \   00000040   0x.... 0x....      BL       LPLD_FTM_PWM_Enable
    136          }
   \   00000044   0xBD07             POP      {R0-R2,PC}       ;; return
    137          

   \                                 In section .text, align 2, keep-with-next
    138          void FTM_init2()         
    139          {
   \                     FTM_init2: (+1)
   \   00000000   0xB5E0             PUSH     {R5-R7,LR}
    140              ftm_init_struct.FTM_Ftmx = FTM1;	                //使能FTM0通道
   \   00000002   0x.... 0x....      LDR.W    R0,??DataTable9_20  ;; 0x40039000
   \   00000006   0x.... 0x....      LDR.W    R1,??DataTable9_19
   \   0000000A   0x6008             STR      R0,[R1, #+0]
    141              ftm_init_struct.FTM_Mode = FTM_MODE_PWM;	        //使能PWM模式
   \   0000000C   0x2001             MOVS     R0,#+1
   \   0000000E   0x.... 0x....      LDR.W    R1,??DataTable9_19
   \   00000012   0x7108             STRB     R0,[R1, #+4]
    142              ftm_init_struct.FTM_PwmFreq =200;         	//PWM频率kHz 7*1e5
   \   00000014   0x20C8             MOVS     R0,#+200
   \   00000016   0x.... 0x....      LDR.W    R1,??DataTable9_19
   \   0000001A   0x6088             STR      R0,[R1, #+8]
    143              LPLD_FTM_Init(ftm_init_struct);            
   \   0000001C   0x.... 0x....      LDR.W    R1,??DataTable9_19
   \   00000020   0xB084             SUB      SP,SP,#+16
   \   00000022   0x4668             MOV      R0,SP
   \   00000024   0x221C             MOVS     R2,#+28
   \   00000026   0x.... 0x....      BL       __aeabi_memcpy4
   \   0000002A   0xBC0F             POP      {R0-R3}
   \   0000002C   0x.... 0x....      BL       LPLD_FTM_Init
    144              LPLD_FTM_PWM_Enable(FTM1,FTM_Ch1,2570,PTA9,ALIGN_LEFT);  
   \   00000030   0x2028             MOVS     R0,#+40
   \   00000032   0x9000             STR      R0,[SP, #+0]
   \   00000034   0x2309             MOVS     R3,#+9
   \   00000036   0xF640 0x220A      MOVW     R2,#+2570
   \   0000003A   0x2101             MOVS     R1,#+1
   \   0000003C   0x.... 0x....      LDR.W    R0,??DataTable9_20  ;; 0x40039000
   \   00000040   0x.... 0x....      BL       LPLD_FTM_PWM_Enable
    145          }
   \   00000044   0xBD07             POP      {R0-R2,PC}       ;; return
    146          
    147          
    148          

   \                                 In section .text, align 2, keep-with-next
    149          void GPIO_init(void)
    150          {
   \                     GPIO_init: (+1)
   \   00000000   0xB580             PUSH     {R7,LR}
    151              gpio_init_struct.GPIO_PTx = PTC;     
   \   00000002   0x.... 0x....      LDR.W    R0,??DataTable9_21  ;; 0x400ff080
   \   00000006   0x.... 0x....      LDR.W    R1,??DataTable9_22
   \   0000000A   0x6008             STR      R0,[R1, #+0]
    152              gpio_init_struct.GPIO_Pins =GPIO_Pin1|GPIO_Pin4|GPIO_Pin5|GPIO_Pin6|GPIO_Pin7|GPIO_Pin8|GPIO_Pin16;     //c1，c16方向
   \   0000000C   0x.... 0x....      LDR.W    R0,??DataTable9_23  ;; 0x101f2
   \   00000010   0x.... 0x....      LDR.W    R1,??DataTable9_22
   \   00000014   0x6048             STR      R0,[R1, #+4]
    153              gpio_init_struct.GPIO_Dir = DIR_OUTPUT;                                       //输出
   \   00000016   0x2001             MOVS     R0,#+1
   \   00000018   0x.... 0x....      LDR.W    R1,??DataTable9_22
   \   0000001C   0x7308             STRB     R0,[R1, #+12]
    154              gpio_init_struct.GPIO_PinControl = INPUT_PULL_UP|IRQC_DIS;                   //内部上拉|不产生中断
   \   0000001E   0x2003             MOVS     R0,#+3
   \   00000020   0x.... 0x....      LDR.W    R1,??DataTable9_22
   \   00000024   0x6088             STR      R0,[R1, #+8]
    155              gpio_init_struct.GPIO_Output=OUTPUT_H ;
   \   00000026   0x2001             MOVS     R0,#+1
   \   00000028   0x.... 0x....      LDR.W    R1,??DataTable9_22
   \   0000002C   0x7348             STRB     R0,[R1, #+13]
    156              LPLD_GPIO_Init(gpio_init_struct);
   \   0000002E   0x.... 0x....      LDR.W    R1,??DataTable9_22
   \   00000032   0xB084             SUB      SP,SP,#+16
   \   00000034   0x4668             MOV      R0,SP
   \   00000036   0x2214             MOVS     R2,#+20
   \   00000038   0x.... 0x....      BL       __aeabi_memcpy4
   \   0000003C   0xBC0F             POP      {R0-R3}
   \   0000003E   0x.... 0x....      BL       LPLD_GPIO_Init
    157              PTC7_O = 0;
   \   00000042   0x2000             MOVS     R0,#+0
   \   00000044   0x.... 0x....      LDR.W    R1,??DataTable9_24  ;; 0x43fe101c
   \   00000048   0x6008             STR      R0,[R1, #+0]
    158              PTC4_O = 0;
   \   0000004A   0x2000             MOVS     R0,#+0
   \   0000004C   0x.... 0x....      LDR.W    R1,??DataTable9_25  ;; 0x43fe1010
   \   00000050   0x6008             STR      R0,[R1, #+0]
    159          
    160          
    161          }
   \   00000052   0xBD01             POP      {R0,PC}          ;; return
    162          
    163          
    164          
    165          
    166          

   \                                 In section .text, align 2, keep-with-next
    167          void PIT_init(void)
    168          {
   \                     PIT_init: (+1)
   \   00000000   0xB580             PUSH     {R7,LR}
    169              pit_init_struct.PIT_Pitx = PIT0;
   \   00000002   0x2000             MOVS     R0,#+0
   \   00000004   0x.... 0x....      LDR.W    R1,??DataTable9_26
   \   00000008   0x7008             STRB     R0,[R1, #+0]
    170              pit_init_struct.PIT_PeriodMs = 15;      //定时周期 5ms
   \   0000000A   0x200F             MOVS     R0,#+15
   \   0000000C   0x.... 0x....      LDR.W    R1,??DataTable9_26
   \   00000010   0x6088             STR      R0,[R1, #+8]
    171              pit_init_struct.PIT_PeriodUs = 50;      //定时周期 5ms
   \   00000012   0x2032             MOVS     R0,#+50
   \   00000014   0x.... 0x....      LDR.W    R1,??DataTable9_26
   \   00000018   0x6048             STR      R0,[R1, #+4]
    172              pit_init_struct.PIT_Isr = pit_isr;     //设置中断函数
   \   0000001A   0x.... 0x....      LDR.W    R0,??DataTable9_27
   \   0000001E   0x.... 0x....      LDR.W    R1,??DataTable9_26
   \   00000022   0x6108             STR      R0,[R1, #+16]
    173              LPLD_PIT_Init(pit_init_struct);        //初始化PIT
   \   00000024   0x.... 0x....      LDR.W    R1,??DataTable9_26
   \   00000028   0xB084             SUB      SP,SP,#+16
   \   0000002A   0x4668             MOV      R0,SP
   \   0000002C   0x2214             MOVS     R2,#+20
   \   0000002E   0x.... 0x....      BL       __aeabi_memcpy4
   \   00000032   0xBC0F             POP      {R0-R3}
   \   00000034   0x.... 0x....      BL       LPLD_PIT_Init
    174              LPLD_PIT_EnableIrq(pit_init_struct);    //允许中断
   \   00000038   0x.... 0x....      LDR.W    R1,??DataTable9_26
   \   0000003C   0xB084             SUB      SP,SP,#+16
   \   0000003E   0x4668             MOV      R0,SP
   \   00000040   0x2214             MOVS     R2,#+20
   \   00000042   0x.... 0x....      BL       __aeabi_memcpy4
   \   00000046   0xBC0F             POP      {R0-R3}
   \   00000048   0x.... 0x....      BL       LPLD_PIT_EnableIrq
    175          
    176          }
   \   0000004C   0xBD01             POP      {R0,PC}          ;; return
    177          

   \                                 In section .text, align 2, keep-with-next
    178          void NVIC_init(void)
    179          {
   \                     NVIC_init: (+1)
   \   00000000   0xB580             PUSH     {R7,LR}
    180            nvic .NVIC_IRQChannel=PIT0_IRQn;
   \   00000002   0x2044             MOVS     R0,#+68
   \   00000004   0x.... 0x....      LDR.W    R1,??DataTable9_28
   \   00000008   0x7008             STRB     R0,[R1, #+0]
    181            nvic.NVIC_IRQChannelEnable=TRUE ;
   \   0000000A   0x2001             MOVS     R0,#+1
   \   0000000C   0x.... 0x....      LDR.W    R1,??DataTable9_28
   \   00000010   0x7408             STRB     R0,[R1, #+16]
    182            nvic.NVIC_IRQChannelGroupPriority=NVIC_PriorityGroup_1;
   \   00000012   0x2006             MOVS     R0,#+6
   \   00000014   0x.... 0x....      LDR.W    R1,??DataTable9_28
   \   00000018   0x6048             STR      R0,[R1, #+4]
    183            nvic.NVIC_IRQChannelPreemptionPriority=0;
   \   0000001A   0x2000             MOVS     R0,#+0
   \   0000001C   0x.... 0x....      LDR.W    R1,??DataTable9_28
   \   00000020   0x6088             STR      R0,[R1, #+8]
    184            nvic.NVIC_IRQChannelSubPriority=1;
   \   00000022   0x2001             MOVS     R0,#+1
   \   00000024   0x.... 0x....      LDR.W    R1,??DataTable9_28
   \   00000028   0x60C8             STR      R0,[R1, #+12]
    185            LPLD_NVIC_Init(nvic);  
   \   0000002A   0x.... 0x....      LDR.W    R1,??DataTable9_28
   \   0000002E   0xB084             SUB      SP,SP,#+16
   \   00000030   0x4668             MOV      R0,SP
   \   00000032   0x2214             MOVS     R2,#+20
   \   00000034   0x.... 0x....      BL       __aeabi_memcpy4
   \   00000038   0xBC0F             POP      {R0-R3}
   \   0000003A   0x.... 0x....      BL       LPLD_NVIC_Init
    186            nvic .NVIC_IRQChannel=UART0_RX_TX_IRQn;
   \   0000003E   0x202D             MOVS     R0,#+45
   \   00000040   0x.... 0x....      LDR.W    R1,??DataTable9_28
   \   00000044   0x7008             STRB     R0,[R1, #+0]
    187            nvic.NVIC_IRQChannelEnable=TRUE ;
   \   00000046   0x2001             MOVS     R0,#+1
   \   00000048   0x.... 0x....      LDR.W    R1,??DataTable9_28
   \   0000004C   0x7408             STRB     R0,[R1, #+16]
    188            nvic.NVIC_IRQChannelGroupPriority=NVIC_PriorityGroup_1;
   \   0000004E   0x2006             MOVS     R0,#+6
   \   00000050   0x.... 0x....      LDR.W    R1,??DataTable9_28
   \   00000054   0x6048             STR      R0,[R1, #+4]
    189            nvic.NVIC_IRQChannelPreemptionPriority=1;
   \   00000056   0x2001             MOVS     R0,#+1
   \   00000058   0x.... 0x....      LDR.W    R1,??DataTable9_28
   \   0000005C   0x6088             STR      R0,[R1, #+8]
    190            nvic.NVIC_IRQChannelSubPriority=1;
   \   0000005E   0x2001             MOVS     R0,#+1
   \   00000060   0x.... 0x....      LDR.W    R1,??DataTable9_28
   \   00000064   0x60C8             STR      R0,[R1, #+12]
    191            LPLD_NVIC_Init(nvic);
   \   00000066   0x.... 0x....      LDR.W    R1,??DataTable9_28
   \   0000006A   0xB084             SUB      SP,SP,#+16
   \   0000006C   0x4668             MOV      R0,SP
   \   0000006E   0x2214             MOVS     R2,#+20
   \   00000070   0x.... 0x....      BL       __aeabi_memcpy4
   \   00000074   0xBC0F             POP      {R0-R3}
   \   00000076   0x.... 0x....      BL       LPLD_NVIC_Init
    192            nvic .NVIC_IRQChannel=UART3_RX_TX_IRQn;
   \   0000007A   0x2033             MOVS     R0,#+51
   \   0000007C   0x.... 0x....      LDR.W    R1,??DataTable9_28
   \   00000080   0x7008             STRB     R0,[R1, #+0]
    193            nvic.NVIC_IRQChannelEnable=TRUE ;
   \   00000082   0x2001             MOVS     R0,#+1
   \   00000084   0x.... 0x....      LDR.W    R1,??DataTable9_28
   \   00000088   0x7408             STRB     R0,[R1, #+16]
    194            nvic.NVIC_IRQChannelGroupPriority=NVIC_PriorityGroup_1;
   \   0000008A   0x2006             MOVS     R0,#+6
   \   0000008C   0x.... 0x....      LDR.W    R1,??DataTable9_28
   \   00000090   0x6048             STR      R0,[R1, #+4]
    195            nvic.NVIC_IRQChannelPreemptionPriority=0;
   \   00000092   0x2000             MOVS     R0,#+0
   \   00000094   0x.... 0x....      LDR.W    R1,??DataTable9_28
   \   00000098   0x6088             STR      R0,[R1, #+8]
    196            nvic.NVIC_IRQChannelSubPriority=0;
   \   0000009A   0x2000             MOVS     R0,#+0
   \   0000009C   0x.... 0x....      LDR.W    R1,??DataTable9_28
   \   000000A0   0x60C8             STR      R0,[R1, #+12]
    197            LPLD_NVIC_Init(nvic);
   \   000000A2   0x.... 0x....      LDR.W    R1,??DataTable9_28
   \   000000A6   0xB084             SUB      SP,SP,#+16
   \   000000A8   0x4668             MOV      R0,SP
   \   000000AA   0x2214             MOVS     R2,#+20
   \   000000AC   0x.... 0x....      BL       __aeabi_memcpy4
   \   000000B0   0xBC0F             POP      {R0-R3}
   \   000000B2   0x.... 0x....      BL       LPLD_NVIC_Init
    198            
    199          }
   \   000000B6   0xBD01             POP      {R0,PC}          ;; return
    200          
    201          

   \                                 In section .text, align 2, keep-with-next
    202          void debug_write(void)
    203          {
    204          //    take = LPLD_UART_GetChar(UART4);
    205           //   char count=0;
    206          //    if(take==0xdd)
    207          //    {
    208          //      take = LPLD_UART_GetChar(UART4); 
    209          //      take1=((int16)take)*100;
    210          //      take = LPLD_UART_GetChar(UART4); 
    211          //      take2=take;
    212          //      TAKE=take1+take2;
    213          //      P=((float)TAKE)/100;
    214          //      send[count++]=0x44;
    215          //      send[count++]= TAKE>>8;
    216          //      send[count++]= TAKE;
    217          //      LPLD_UART_PutCharArr(UART4,send,count);
    218          //    }
    219              
    220          //     else if(take==0xa5)
    221          //    {
    222          //      take = LPLD_UART_GetChar(UART4); 
    223          //      take1=((int16)take)*100;
    224          //      take = LPLD_UART_GetChar(UART4); 
    225          //      take2=take;
    226          //      TAKE=take1+take2;
    227          //      D=((float)TAKE)/100;
    228          //      send[count++]=0x55;
    229          //      send[count++]= TAKE>>8;
    230          //      send[count++]= TAKE;
    231          //      LPLD_UART_PutChar(UART4,x);
    232          //    }
    233              
    234          
    235          //    
    236          //    else if(take==0xdd)
    237          //    {
    238          //      take = LPLD_UART_GetChar(UART4);  
    239          //      sit=take;
    240          //      send[count++]=0x44;
    241          //      send[count++]= take;
    242          //      LPLD_UART_PutCharArr(UART4,send,count);
    243          //      
    244          //    } 
    245          //    
    246          //    else if(take==0xee)
    247          //    {
    248          //      take = LPLD_UART_GetChar(UART4);  
    249          //      sitline=take;
    250          //      send[count++]=0x55;
    251          //      send[count++]= take;
    252          //      LPLD_UART_PutCharArr(UART4,send,count);
    253          //      
    254          //    } 
    255          //    
    256          //    else if(take==0x11)
    257          //    {
    258          //      take = LPLD_UART_GetChar(UART4);  
    259          //      scale=take;
    260          //      send[count++]=0x66;
    261          //      send[count++]= take;
    262          //      LPLD_UART_PutCharArr(UART4,send,count);
    263          //      
    264          //    } 
    265          //
    266          //    else if(take==0xa1)
    267          //    {
    268          //      start=1;
    269          //      send_=0;
    270          //    }
    271          //    else if(take==0xa2)
    272          //    {
    273          //      start=0;
    274          //      send_=1;
    275          //    }
    276          //    
    277                
    278                
    279            }
   \                     debug_write: (+1)
   \   00000000   0x4770             BX       LR               ;; return
    280          
    281          

   \                                 In section .text, align 4, keep-with-next
    282          void debug_write_b(void)
    283          {
    284          //    gate = LPLD_UART_GetChar(UART0);
    285          //    if(gate==0x1c)
    286          //    {
    287          //     gate = LPLD_UART_GetChar(UART0); 
    288          //      if(gate==1)
    289          //      {
    290          //        gate1= LPLD_UART_GetChar(UART0); 
    291          //        gate2= LPLD_UART_GetChar(UART0);
    292          //        GATE=(float)(gate1*256+gate2)/100;
    293          //      }
    294          //      else
    295          //      {
    296          //        gate1= LPLD_UART_GetChar(UART0); 
    297          //        gate2= LPLD_UART_GetChar(UART0); 
    298          //        GATE=(float)(gate1*256+gate2)/100;
    299          //        GATE=-GATE;
    300          //      }
    301          //      angle=GATE-2.34;
    302          ////      if(KO==0)
    303          ////      {
    304          ////        if(angle<0.6&&angle>-0.6)
    305          ////         angle=0;
    306          ////      }
    307          //    }
    308          //    if(gate==0x2c)
    309          //    {
    310          //     gate = LPLD_UART_GetChar(UART0); 
    311          //      if(gate==1)
    312          //      {
    313          //        gate1= LPLD_UART_GetChar(UART0); 
    314          //        gate2= LPLD_UART_GetChar(UART0);
    315          //        GATE=(float)(gate1*256+gate2)/100;
    316          //      }
    317          //      else
    318          //      {
    319          //        gate1= LPLD_UART_GetChar(UART0); 
    320          //        gate2= LPLD_UART_GetChar(UART0); 
    321          //        GATE=(float)(gate1*256+gate2)/100;
    322          //        GATE=-GATE;
    323          //      }
    324          //      angle2=-(GATE-1.27);
    325          ////      if(KO==0)
    326          ////      {
    327          ////        if(angle2<0.6&&angle2>-0.6)
    328          ////         angle2=0;
    329          ////      }
    330          //    }
    331              
    332          }
   \                     debug_write_b: (+1)
   \   00000000   0x4770             BX       LR               ;; return
    333          

   \                                 In section .text, align 4, keep-with-next
    334          void debug_write_c(void)
    335          {
   \                     debug_write_c: (+1)
   \   00000000   0xB538             PUSH     {R3-R5,LR}
    336              site = LPLD_UART_GetChar(UART3);
   \   00000002   0x.... 0x....      LDR.W    R0,??DataTable9_17  ;; 0x4006d000
   \   00000006   0x.... 0x....      BL       LPLD_UART_GetChar
   \   0000000A   0x.... 0x....      LDR.W    R1,??DataTable9_29
   \   0000000E   0x7008             STRB     R0,[R1, #+0]
    337              if(site==0x41)
   \   00000010   0x.... 0x....      LDR.W    R0,??DataTable9_29
   \   00000014   0x7800             LDRB     R0,[R0, #+0]
   \   00000016   0x2841             CMP      R0,#+65
   \   00000018   0xD13D             BNE.N    ??debug_write_c_0
    338              { 
    339                site1 = LPLD_UART_GetChar(UART3); 
   \   0000001A   0x.... 0x....      LDR.W    R0,??DataTable9_17  ;; 0x4006d000
   \   0000001E   0x.... 0x....      BL       LPLD_UART_GetChar
   \   00000022   0x.... 0x....      LDR.W    R1,??DataTable9_30
   \   00000026   0x7008             STRB     R0,[R1, #+0]
    340                site2 = LPLD_UART_GetChar(UART3); 
   \   00000028   0x.... 0x....      LDR.W    R0,??DataTable9_17  ;; 0x4006d000
   \   0000002C   0x.... 0x....      BL       LPLD_UART_GetChar
   \   00000030   0x.... 0x....      LDR.W    R1,??DataTable9_31
   \   00000034   0x7008             STRB     R0,[R1, #+0]
    341                site3 = LPLD_UART_GetChar(UART3); 
   \   00000036   0x.... 0x....      LDR.W    R0,??DataTable9_17  ;; 0x4006d000
   \   0000003A   0x.... 0x....      BL       LPLD_UART_GetChar
   \   0000003E   0x.... 0x....      LDR.W    R1,??DataTable9_32
   \   00000042   0x7008             STRB     R0,[R1, #+0]
    342                site1 = site1-48;
   \   00000044   0x.... 0x....      LDR.W    R0,??DataTable9_30
   \   00000048   0x7800             LDRB     R0,[R0, #+0]
   \   0000004A   0x3830             SUBS     R0,R0,#+48
   \   0000004C   0x.... 0x....      LDR.W    R1,??DataTable9_30
   \   00000050   0x7008             STRB     R0,[R1, #+0]
    343                site2 = site2-48;
   \   00000052   0x.... 0x....      LDR.W    R0,??DataTable9_31
   \   00000056   0x7800             LDRB     R0,[R0, #+0]
   \   00000058   0x3830             SUBS     R0,R0,#+48
   \   0000005A   0x.... 0x....      LDR.W    R1,??DataTable9_31
   \   0000005E   0x7008             STRB     R0,[R1, #+0]
    344                site3 = site3-48;
   \   00000060   0x.... 0x....      LDR.W    R0,??DataTable9_32
   \   00000064   0x7800             LDRB     R0,[R0, #+0]
   \   00000066   0x3830             SUBS     R0,R0,#+48
   \   00000068   0x.... 0x....      LDR.W    R1,??DataTable9_32
   \   0000006C   0x7008             STRB     R0,[R1, #+0]
    345                x = site1*100+ site2*10+site3;
   \   0000006E   0x.... 0x....      LDR.W    R0,??DataTable9_30
   \   00000072   0x7800             LDRB     R0,[R0, #+0]
   \   00000074   0x2164             MOVS     R1,#+100
   \   00000076   0x.... 0x....      LDR.W    R2,??DataTable9_31
   \   0000007A   0x7812             LDRB     R2,[R2, #+0]
   \   0000007C   0x230A             MOVS     R3,#+10
   \   0000007E   0x435A             MULS     R2,R3,R2
   \   00000080   0xFB01 0x2000      MLA      R0,R1,R0,R2
   \   00000084   0x.... 0x....      LDR.W    R1,??DataTable9_32
   \   00000088   0x7809             LDRB     R1,[R1, #+0]
   \   0000008A   0x1840             ADDS     R0,R0,R1
   \   0000008C   0x.... 0x....      BL       __aeabi_i2f
   \   00000090   0x.... 0x....      LDR.W    R1,??DataTable9_11
   \   00000094   0x6008             STR      R0,[R1, #+0]
    346              }
    347              if(site==0x42)
   \                     ??debug_write_c_0: (+1)
   \   00000096   0x.... 0x....      LDR.W    R0,??DataTable9_29
   \   0000009A   0x7800             LDRB     R0,[R0, #+0]
   \   0000009C   0x2842             CMP      R0,#+66
   \   0000009E   0xD13C             BNE.N    ??debug_write_c_1
    348              {
    349                site1 = LPLD_UART_GetChar(UART3); 
   \   000000A0   0x.... 0x....      LDR.W    R0,??DataTable9_17  ;; 0x4006d000
   \   000000A4   0x.... 0x....      BL       LPLD_UART_GetChar
   \   000000A8   0x.... 0x....      LDR.W    R1,??DataTable9_30
   \   000000AC   0x7008             STRB     R0,[R1, #+0]
    350                site2 = LPLD_UART_GetChar(UART3);
   \   000000AE   0x.... 0x....      LDR.W    R0,??DataTable9_17  ;; 0x4006d000
   \   000000B2   0x.... 0x....      BL       LPLD_UART_GetChar
   \   000000B6   0x.... 0x....      LDR.W    R1,??DataTable9_31
   \   000000BA   0x7008             STRB     R0,[R1, #+0]
    351                site3 = LPLD_UART_GetChar(UART3); 
   \   000000BC   0x.... 0x....      LDR.W    R0,??DataTable9_17  ;; 0x4006d000
   \   000000C0   0x.... 0x....      BL       LPLD_UART_GetChar
   \   000000C4   0x.... 0x....      LDR.W    R1,??DataTable9_32
   \   000000C8   0x7008             STRB     R0,[R1, #+0]
    352                site1 = site1-48; 
   \   000000CA   0x.... 0x....      LDR.W    R0,??DataTable9_30
   \   000000CE   0x7800             LDRB     R0,[R0, #+0]
   \   000000D0   0x3830             SUBS     R0,R0,#+48
   \   000000D2   0x.... 0x....      LDR.W    R1,??DataTable9_30
   \   000000D6   0x7008             STRB     R0,[R1, #+0]
    353                site2 = site2-48;
   \   000000D8   0x.... 0x....      LDR.W    R0,??DataTable9_31
   \   000000DC   0x7800             LDRB     R0,[R0, #+0]
   \   000000DE   0x3830             SUBS     R0,R0,#+48
   \   000000E0   0x.... 0x....      LDR.W    R1,??DataTable9_31
   \   000000E4   0x7008             STRB     R0,[R1, #+0]
    354                site3 = site3-48;
   \   000000E6   0x.... 0x....      LDR.W    R0,??DataTable9_32
   \   000000EA   0x7800             LDRB     R0,[R0, #+0]
   \   000000EC   0x3830             SUBS     R0,R0,#+48
   \   000000EE   0x.... 0x....      LDR.W    R1,??DataTable9_32
   \   000000F2   0x7008             STRB     R0,[R1, #+0]
    355                y = site1*100+ site2*10+site3;
   \   000000F4   0x.... 0x....      LDR.W    R0,??DataTable9_30
   \   000000F8   0x7800             LDRB     R0,[R0, #+0]
   \   000000FA   0x2164             MOVS     R1,#+100
   \   000000FC   0x.... 0x....      LDR.W    R2,??DataTable9_31
   \   00000100   0x7812             LDRB     R2,[R2, #+0]
   \   00000102   0x230A             MOVS     R3,#+10
   \   00000104   0x435A             MULS     R2,R3,R2
   \   00000106   0xFB01 0x2000      MLA      R0,R1,R0,R2
   \   0000010A   0x.... 0x....      LDR.W    R1,??DataTable9_32
   \   0000010E   0x7809             LDRB     R1,[R1, #+0]
   \   00000110   0x1840             ADDS     R0,R0,R1
   \   00000112   0x.... 0x....      BL       __aeabi_i2f
   \   00000116   0x....             LDR.N    R1,??DataTable9_13
   \   00000118   0x6008             STR      R0,[R1, #+0]
    356               
    357              }
    358          //  if(x_sit-5<x&&x<x_sit+5&&y_sit-5<y&&y<y_sit+5)
    359          //  {
    360          //    k0++;
    361          //    if(k0==9)
    362          //    {
    363          //      k0=8;
    364          //      x=x_sit;
    365          //      y=y_sit;
    366          //    }
    367          //  }
    368          //  else
    369          //    k0=0;
    370              
    371              
    372            int i;
    373            for(i=7;i>0;i--)
   \                     ??debug_write_c_1: (+1)
   \   0000011A   0x2007             MOVS     R0,#+7
   \   0000011C   0xE00A             B.N      ??debug_write_c_2
    374            {
    375              x_[i]=x_[i-1];
   \                     ??debug_write_c_3: (+1)
   \   0000011E   0x.... 0x....      LDR.W    R1,??DataTable9_33
   \   00000122   0xEB01 0x0180      ADD      R1,R1,R0, LSL #+2
   \   00000126   0xF851 0x1C04      LDR      R1,[R1, #-4]
   \   0000012A   0x.... 0x....      LDR.W    R2,??DataTable9_33
   \   0000012E   0xF842 0x1020      STR      R1,[R2, R0, LSL #+2]
    376            }
   \   00000132   0x1E40             SUBS     R0,R0,#+1
   \                     ??debug_write_c_2: (+1)
   \   00000134   0x2801             CMP      R0,#+1
   \   00000136   0xDAF2             BGE.N    ??debug_write_c_3
    377            x_[0]=x;
   \   00000138   0x....             LDR.N    R0,??DataTable9_11
   \   0000013A   0x6800             LDR      R0,[R0, #+0]
   \   0000013C   0x....             LDR.N    R1,??DataTable9_33
   \   0000013E   0x6008             STR      R0,[R1, #+0]
    378          //  if(fabs(x-x_[0])<10)
    379          //  {
    380          //    x=(int16)(0.25*x_[0]+0.25*x_[1]+0.25*x_[2]+0.25*x_[3]); 
    381          //  }
    382          //  else
    383            if(fabs(x-x_[0])<120)
   \   00000140   0x....             LDR.N    R0,??DataTable9_11
   \   00000142   0x6800             LDR      R0,[R0, #+0]
   \   00000144   0x....             LDR.N    R1,??DataTable9_33
   \   00000146   0x6809             LDR      R1,[R1, #+0]
   \   00000148   0x.... 0x....      BL       __aeabi_fsub
   \   0000014C   0x.... 0x....      BL       __aeabi_f2d
   \   00000150   0xF031 0x4100      BICS     R1,R1,#0x80000000
   \   00000154   0x2200             MOVS     R2,#+0
   \   00000156   0x....             LDR.N    R3,??DataTable9_34  ;; 0x405e0000
   \   00000158   0x.... 0x....      BL       __aeabi_cdcmple
   \   0000015C   0xD239             BCS.N    ??debug_write_c_4
    384              x=(int16)(0.25*x_[0]+0.25*x_[1]+0.25*x_[2]+0.25*x_[3]);
   \   0000015E   0x....             LDR.N    R0,??DataTable9_33
   \   00000160   0x6800             LDR      R0,[R0, #+0]
   \   00000162   0x.... 0x....      BL       __aeabi_f2d
   \   00000166   0x2200             MOVS     R2,#+0
   \   00000168   0x....             LDR.N    R3,??DataTable9_35  ;; 0x3fd00000
   \   0000016A   0x.... 0x....      BL       __aeabi_dmul
   \   0000016E   0x0004             MOVS     R4,R0
   \   00000170   0x000D             MOVS     R5,R1
   \   00000172   0x....             LDR.N    R0,??DataTable9_33
   \   00000174   0x6840             LDR      R0,[R0, #+4]
   \   00000176   0x.... 0x....      BL       __aeabi_f2d
   \   0000017A   0x2200             MOVS     R2,#+0
   \   0000017C   0x....             LDR.N    R3,??DataTable9_35  ;; 0x3fd00000
   \   0000017E   0x.... 0x....      BL       __aeabi_dmul
   \   00000182   0x0022             MOVS     R2,R4
   \   00000184   0x002B             MOVS     R3,R5
   \   00000186   0x.... 0x....      BL       __aeabi_dadd
   \   0000018A   0x0004             MOVS     R4,R0
   \   0000018C   0x000D             MOVS     R5,R1
   \   0000018E   0x....             LDR.N    R0,??DataTable9_33
   \   00000190   0x6880             LDR      R0,[R0, #+8]
   \   00000192   0x.... 0x....      BL       __aeabi_f2d
   \   00000196   0x2200             MOVS     R2,#+0
   \   00000198   0x....             LDR.N    R3,??DataTable9_35  ;; 0x3fd00000
   \   0000019A   0x.... 0x....      BL       __aeabi_dmul
   \   0000019E   0x0022             MOVS     R2,R4
   \   000001A0   0x002B             MOVS     R3,R5
   \   000001A2   0x.... 0x....      BL       __aeabi_dadd
   \   000001A6   0x0004             MOVS     R4,R0
   \   000001A8   0x000D             MOVS     R5,R1
   \   000001AA   0x....             LDR.N    R0,??DataTable9_33
   \   000001AC   0x68C0             LDR      R0,[R0, #+12]
   \   000001AE   0x.... 0x....      BL       __aeabi_f2d
   \   000001B2   0x2200             MOVS     R2,#+0
   \   000001B4   0x....             LDR.N    R3,??DataTable9_35  ;; 0x3fd00000
   \   000001B6   0x.... 0x....      BL       __aeabi_dmul
   \   000001BA   0x0022             MOVS     R2,R4
   \   000001BC   0x002B             MOVS     R3,R5
   \   000001BE   0x.... 0x....      BL       __aeabi_dadd
   \   000001C2   0x.... 0x....      BL       __aeabi_d2iz
   \   000001C6   0xB200             SXTH     R0,R0            ;; SignExt  R0,R0,#+16,#+16
   \   000001C8   0x.... 0x....      BL       __aeabi_i2f
   \   000001CC   0x....             LDR.N    R1,??DataTable9_11
   \   000001CE   0x6008             STR      R0,[R1, #+0]
   \   000001D0   0xE003             B.N      ??debug_write_c_5
    385            else
    386              x=x_[0];
   \                     ??debug_write_c_4: (+1)
   \   000001D2   0x....             LDR.N    R0,??DataTable9_33
   \   000001D4   0x6800             LDR      R0,[R0, #+0]
   \   000001D6   0x....             LDR.N    R1,??DataTable9_11
   \   000001D8   0x6008             STR      R0,[R1, #+0]
    387            adress2 = x-x_sit;
   \                     ??debug_write_c_5: (+1)
   \   000001DA   0x....             LDR.N    R0,??DataTable9_11
   \   000001DC   0x6800             LDR      R0,[R0, #+0]
   \   000001DE   0x....             LDR.N    R1,??DataTable9_10
   \   000001E0   0x6809             LDR      R1,[R1, #+0]
   \   000001E2   0x.... 0x....      BL       __aeabi_fsub
   \   000001E6   0x....             LDR.N    R1,??DataTable9_36
   \   000001E8   0x6008             STR      R0,[R1, #+0]
    388            for(i=DATA_LENGTH-1;i>0;i--)
   \   000001EA   0x2003             MOVS     R0,#+3
   \   000001EC   0xE008             B.N      ??debug_write_c_6
    389            {
    390              adress_err2[i] = adress_err2[i-1];
   \                     ??debug_write_c_7: (+1)
   \   000001EE   0x....             LDR.N    R1,??DataTable9_37
   \   000001F0   0xEB01 0x0180      ADD      R1,R1,R0, LSL #+2
   \   000001F4   0xF851 0x1C04      LDR      R1,[R1, #-4]
   \   000001F8   0x....             LDR.N    R2,??DataTable9_37
   \   000001FA   0xF842 0x1020      STR      R1,[R2, R0, LSL #+2]
    391            }
   \   000001FE   0x1E40             SUBS     R0,R0,#+1
   \                     ??debug_write_c_6: (+1)
   \   00000200   0x2801             CMP      R0,#+1
   \   00000202   0xDAF4             BGE.N    ??debug_write_c_7
    392            adress_err2[0] = adress2;
   \   00000204   0x....             LDR.N    R0,??DataTable9_36
   \   00000206   0x6800             LDR      R0,[R0, #+0]
   \   00000208   0x....             LDR.N    R1,??DataTable9_37
   \   0000020A   0x6008             STR      R0,[R1, #+0]
    393            
    394           //限幅 
    395            adress_err_all2+=adress_err2[0];
   \   0000020C   0x....             LDR.N    R0,??DataTable9_38
   \   0000020E   0x6801             LDR      R1,[R0, #+0]
   \   00000210   0x....             LDR.N    R0,??DataTable9_37
   \   00000212   0x6800             LDR      R0,[R0, #+0]
   \   00000214   0x.... 0x....      BL       __aeabi_fadd
   \   00000218   0x....             LDR.N    R1,??DataTable9_38
   \   0000021A   0x6008             STR      R0,[R1, #+0]
    396            if(adress2>20||adress2<-20)
   \   0000021C   0x....             LDR.N    R0,??DataTable9_36
   \   0000021E   0x6800             LDR      R0,[R0, #+0]
   \   00000220   0x....             LDR.N    R1,??DataTable9_39  ;; 0x41a00001
   \   00000222   0x.... 0x....      BL       __aeabi_cfrcmple
   \   00000226   0xD905             BLS.N    ??debug_write_c_8
   \   00000228   0x....             LDR.N    R0,??DataTable9_36
   \   0000022A   0x6800             LDR      R0,[R0, #+0]
   \   0000022C   0x....             LDR.N    R1,??DataTable9_40  ;; 0xc1a00000
   \   0000022E   0x.... 0x....      BL       __aeabi_cfcmple
   \   00000232   0xD209             BCS.N    ??debug_write_c_9
    397             adress_err_all2=KI2=0;
   \                     ??debug_write_c_8: (+1)
   \   00000234   0x2000             MOVS     R0,#+0
   \   00000236   0x....             LDR.N    R1,??DataTable9_41
   \   00000238   0x7008             STRB     R0,[R1, #+0]
   \   0000023A   0x....             LDR.N    R0,??DataTable9_41
   \   0000023C   0x7800             LDRB     R0,[R0, #+0]
   \   0000023E   0x.... 0x....      BL       __aeabi_ui2f
   \   00000242   0x....             LDR.N    R1,??DataTable9_38
   \   00000244   0x6008             STR      R0,[R1, #+0]
   \   00000246   0xE002             B.N      ??debug_write_c_10
    398            else
    399              KI2=1;
   \                     ??debug_write_c_9: (+1)
   \   00000248   0x2001             MOVS     R0,#+1
   \   0000024A   0x....             LDR.N    R1,??DataTable9_41
   \   0000024C   0x7008             STRB     R0,[R1, #+0]
    400            if(adress_err_all2>25)
   \                     ??debug_write_c_10: (+1)
   \   0000024E   0x....             LDR.N    R0,??DataTable9_38
   \   00000250   0x6800             LDR      R0,[R0, #+0]
   \   00000252   0x....             LDR.N    R1,??DataTable9_42  ;; 0x41c80001
   \   00000254   0x.... 0x....      BL       __aeabi_cfrcmple
   \   00000258   0xD802             BHI.N    ??debug_write_c_11
    401              adress_err_all2=25;
   \   0000025A   0x....             LDR.N    R0,??DataTable9_43  ;; 0x41c80000
   \   0000025C   0x....             LDR.N    R1,??DataTable9_38
   \   0000025E   0x6008             STR      R0,[R1, #+0]
    402            if(adress_err_all2<-25)
   \                     ??debug_write_c_11: (+1)
   \   00000260   0x....             LDR.N    R0,??DataTable9_38
   \   00000262   0x6800             LDR      R0,[R0, #+0]
   \   00000264   0x....             LDR.N    R1,??DataTable9_44  ;; 0xc1c80000
   \   00000266   0x.... 0x....      BL       __aeabi_cfcmple
   \   0000026A   0xD202             BCS.N    ??debug_write_c_12
    403              adress_err_all2=-25;
   \   0000026C   0x....             LDR.N    R0,??DataTable9_44  ;; 0xc1c80000
   \   0000026E   0x....             LDR.N    R1,??DataTable9_38
   \   00000270   0x6008             STR      R0,[R1, #+0]
    404           
    405            for(i=7;i>0;i--)
   \                     ??debug_write_c_12: (+1)
   \   00000272   0x2007             MOVS     R0,#+7
   \   00000274   0xE008             B.N      ??debug_write_c_13
    406            {
    407              y_[i]=y_[i-1];
   \                     ??debug_write_c_14: (+1)
   \   00000276   0x....             LDR.N    R1,??DataTable9_45
   \   00000278   0xEB01 0x0180      ADD      R1,R1,R0, LSL #+2
   \   0000027C   0xF851 0x1C04      LDR      R1,[R1, #-4]
   \   00000280   0x....             LDR.N    R2,??DataTable9_45
   \   00000282   0xF842 0x1020      STR      R1,[R2, R0, LSL #+2]
    408            }
   \   00000286   0x1E40             SUBS     R0,R0,#+1
   \                     ??debug_write_c_13: (+1)
   \   00000288   0x2801             CMP      R0,#+1
   \   0000028A   0xDAF4             BGE.N    ??debug_write_c_14
    409            y_[0]=y;
   \   0000028C   0x....             LDR.N    R0,??DataTable9_13
   \   0000028E   0x6800             LDR      R0,[R0, #+0]
   \   00000290   0x....             LDR.N    R1,??DataTable9_45
   \   00000292   0x6008             STR      R0,[R1, #+0]
    410          
    411          //  {
    412          //    y=(int16)(0.25*y_[0]+0.25*y_[1]+0.25*y_[2]+0.25*y_[3]); 
    413          //  }
    414          //  else
    415             if(fabs(y-y_[0])<100)
   \   00000294   0x....             LDR.N    R0,??DataTable9_13
   \   00000296   0x6800             LDR      R0,[R0, #+0]
   \   00000298   0x....             LDR.N    R1,??DataTable9_45
   \   0000029A   0x6809             LDR      R1,[R1, #+0]
   \   0000029C   0x.... 0x....      BL       __aeabi_fsub
   \   000002A0   0x.... 0x....      BL       __aeabi_f2d
   \   000002A4   0xF031 0x4100      BICS     R1,R1,#0x80000000
   \   000002A8   0x2200             MOVS     R2,#+0
   \   000002AA   0x....             LDR.N    R3,??DataTable9_46  ;; 0x40590000
   \   000002AC   0x.... 0x....      BL       __aeabi_cdcmple
   \   000002B0   0xD239             BCS.N    ??debug_write_c_15
    416              y=(int16)(0.25*y_[0]+0.25*y_[1]+0.25*y_[2]+0.25*y_[3]);
   \   000002B2   0x....             LDR.N    R0,??DataTable9_45
   \   000002B4   0x6800             LDR      R0,[R0, #+0]
   \   000002B6   0x.... 0x....      BL       __aeabi_f2d
   \   000002BA   0x2200             MOVS     R2,#+0
   \   000002BC   0x....             LDR.N    R3,??DataTable9_35  ;; 0x3fd00000
   \   000002BE   0x.... 0x....      BL       __aeabi_dmul
   \   000002C2   0x0004             MOVS     R4,R0
   \   000002C4   0x000D             MOVS     R5,R1
   \   000002C6   0x....             LDR.N    R0,??DataTable9_45
   \   000002C8   0x6840             LDR      R0,[R0, #+4]
   \   000002CA   0x.... 0x....      BL       __aeabi_f2d
   \   000002CE   0x2200             MOVS     R2,#+0
   \   000002D0   0x....             LDR.N    R3,??DataTable9_35  ;; 0x3fd00000
   \   000002D2   0x.... 0x....      BL       __aeabi_dmul
   \   000002D6   0x0022             MOVS     R2,R4
   \   000002D8   0x002B             MOVS     R3,R5
   \   000002DA   0x.... 0x....      BL       __aeabi_dadd
   \   000002DE   0x0004             MOVS     R4,R0
   \   000002E0   0x000D             MOVS     R5,R1
   \   000002E2   0x....             LDR.N    R0,??DataTable9_45
   \   000002E4   0x6880             LDR      R0,[R0, #+8]
   \   000002E6   0x.... 0x....      BL       __aeabi_f2d
   \   000002EA   0x2200             MOVS     R2,#+0
   \   000002EC   0x....             LDR.N    R3,??DataTable9_35  ;; 0x3fd00000
   \   000002EE   0x.... 0x....      BL       __aeabi_dmul
   \   000002F2   0x0022             MOVS     R2,R4
   \   000002F4   0x002B             MOVS     R3,R5
   \   000002F6   0x.... 0x....      BL       __aeabi_dadd
   \   000002FA   0x0004             MOVS     R4,R0
   \   000002FC   0x000D             MOVS     R5,R1
   \   000002FE   0x....             LDR.N    R0,??DataTable9_45
   \   00000300   0x68C0             LDR      R0,[R0, #+12]
   \   00000302   0x.... 0x....      BL       __aeabi_f2d
   \   00000306   0x2200             MOVS     R2,#+0
   \   00000308   0x....             LDR.N    R3,??DataTable9_35  ;; 0x3fd00000
   \   0000030A   0x.... 0x....      BL       __aeabi_dmul
   \   0000030E   0x0022             MOVS     R2,R4
   \   00000310   0x002B             MOVS     R3,R5
   \   00000312   0x.... 0x....      BL       __aeabi_dadd
   \   00000316   0x.... 0x....      BL       __aeabi_d2iz
   \   0000031A   0xB200             SXTH     R0,R0            ;; SignExt  R0,R0,#+16,#+16
   \   0000031C   0x.... 0x....      BL       __aeabi_i2f
   \   00000320   0x....             LDR.N    R1,??DataTable9_13
   \   00000322   0x6008             STR      R0,[R1, #+0]
   \   00000324   0xE003             B.N      ??debug_write_c_16
    417             else
    418               y=y_[0];
   \                     ??debug_write_c_15: (+1)
   \   00000326   0x....             LDR.N    R0,??DataTable9_45
   \   00000328   0x6800             LDR      R0,[R0, #+0]
   \   0000032A   0x....             LDR.N    R1,??DataTable9_13
   \   0000032C   0x6008             STR      R0,[R1, #+0]
    419            //更新
    420            
    421            adress = y-y_sit;
   \                     ??debug_write_c_16: (+1)
   \   0000032E   0x....             LDR.N    R0,??DataTable9_13
   \   00000330   0x6800             LDR      R0,[R0, #+0]
   \   00000332   0x....             LDR.N    R1,??DataTable9_12
   \   00000334   0x6809             LDR      R1,[R1, #+0]
   \   00000336   0x.... 0x....      BL       __aeabi_fsub
   \   0000033A   0x....             LDR.N    R1,??DataTable9_47
   \   0000033C   0x6008             STR      R0,[R1, #+0]
    422            for(i=DATA_LENGTH-1;i>0;i--)
   \   0000033E   0x2003             MOVS     R0,#+3
   \   00000340   0xE008             B.N      ??debug_write_c_17
    423            {
    424              adress_err[i] = adress_err[i-1];
   \                     ??debug_write_c_18: (+1)
   \   00000342   0x....             LDR.N    R1,??DataTable9_48
   \   00000344   0xEB01 0x0180      ADD      R1,R1,R0, LSL #+2
   \   00000348   0xF851 0x1C04      LDR      R1,[R1, #-4]
   \   0000034C   0x....             LDR.N    R2,??DataTable9_48
   \   0000034E   0xF842 0x1020      STR      R1,[R2, R0, LSL #+2]
    425            }
   \   00000352   0x1E40             SUBS     R0,R0,#+1
   \                     ??debug_write_c_17: (+1)
   \   00000354   0x2801             CMP      R0,#+1
   \   00000356   0xDAF4             BGE.N    ??debug_write_c_18
    426            adress_err[0] = adress;
   \   00000358   0x....             LDR.N    R0,??DataTable9_47
   \   0000035A   0x6800             LDR      R0,[R0, #+0]
   \   0000035C   0x....             LDR.N    R1,??DataTable9_48
   \   0000035E   0x6008             STR      R0,[R1, #+0]
    427           
    428            adress_err_all+=adress_err[0];
   \   00000360   0x....             LDR.N    R0,??DataTable9_49
   \   00000362   0x6801             LDR      R1,[R0, #+0]
   \   00000364   0x....             LDR.N    R0,??DataTable9_48
   \   00000366   0x6800             LDR      R0,[R0, #+0]
   \   00000368   0x.... 0x....      BL       __aeabi_fadd
   \   0000036C   0x....             LDR.N    R1,??DataTable9_49
   \   0000036E   0x6008             STR      R0,[R1, #+0]
    429            //限幅
    430            if(adress>20||adress<-20)
   \   00000370   0x....             LDR.N    R0,??DataTable9_47
   \   00000372   0x6800             LDR      R0,[R0, #+0]
   \   00000374   0x....             LDR.N    R1,??DataTable9_39  ;; 0x41a00001
   \   00000376   0x.... 0x....      BL       __aeabi_cfrcmple
   \   0000037A   0xD905             BLS.N    ??debug_write_c_19
   \   0000037C   0x....             LDR.N    R0,??DataTable9_47
   \   0000037E   0x6800             LDR      R0,[R0, #+0]
   \   00000380   0x....             LDR.N    R1,??DataTable9_40  ;; 0xc1a00000
   \   00000382   0x.... 0x....      BL       __aeabi_cfcmple
   \   00000386   0xD209             BCS.N    ??debug_write_c_20
    431              adress_err_all=KI=0;
   \                     ??debug_write_c_19: (+1)
   \   00000388   0x2000             MOVS     R0,#+0
   \   0000038A   0x....             LDR.N    R1,??DataTable9_50
   \   0000038C   0x7008             STRB     R0,[R1, #+0]
   \   0000038E   0x....             LDR.N    R0,??DataTable9_50
   \   00000390   0x7800             LDRB     R0,[R0, #+0]
   \   00000392   0x.... 0x....      BL       __aeabi_ui2f
   \   00000396   0x....             LDR.N    R1,??DataTable9_49
   \   00000398   0x6008             STR      R0,[R1, #+0]
   \   0000039A   0xE002             B.N      ??debug_write_c_21
    432            else
    433              KI=1;
   \                     ??debug_write_c_20: (+1)
   \   0000039C   0x2001             MOVS     R0,#+1
   \   0000039E   0x....             LDR.N    R1,??DataTable9_50
   \   000003A0   0x7008             STRB     R0,[R1, #+0]
    434            if(adress_err_all>25)
   \                     ??debug_write_c_21: (+1)
   \   000003A2   0x....             LDR.N    R0,??DataTable9_49
   \   000003A4   0x6800             LDR      R0,[R0, #+0]
   \   000003A6   0x....             LDR.N    R1,??DataTable9_42  ;; 0x41c80001
   \   000003A8   0x.... 0x....      BL       __aeabi_cfrcmple
   \   000003AC   0xD802             BHI.N    ??debug_write_c_22
    435              adress_err_all=25;
   \   000003AE   0x....             LDR.N    R0,??DataTable9_43  ;; 0x41c80000
   \   000003B0   0x....             LDR.N    R1,??DataTable9_49
   \   000003B2   0x6008             STR      R0,[R1, #+0]
    436            if(adress_err_all<-25)
   \                     ??debug_write_c_22: (+1)
   \   000003B4   0x....             LDR.N    R0,??DataTable9_49
   \   000003B6   0x6800             LDR      R0,[R0, #+0]
   \   000003B8   0x....             LDR.N    R1,??DataTable9_44  ;; 0xc1c80000
   \   000003BA   0x.... 0x....      BL       __aeabi_cfcmple
   \   000003BE   0xD202             BCS.N    ??debug_write_c_23
    437              adress_err_all=-25;
   \   000003C0   0x....             LDR.N    R0,??DataTable9_44  ;; 0xc1c80000
   \   000003C2   0x....             LDR.N    R1,??DataTable9_49
   \   000003C4   0x6008             STR      R0,[R1, #+0]
    438            // //更新
    439           
    440              
    441          }
   \                     ??debug_write_c_23: (+1)
   \   000003C6   0xBD31             POP      {R0,R4,R5,PC}    ;; return

   \                                 In section .text, align 4, keep-with-next
   \                     ??DataTable9:
   \   00000000   0x4051EB85         DC32     0x4051eb85

   \                                 In section .text, align 4, keep-with-next
   \                     ??DataTable9_1:
   \   00000000   0x........         DC32     P

   \                                 In section .text, align 4, keep-with-next
   \                     ??DataTable9_2:
   \   00000000   0x3E9EB852         DC32     0x3e9eb852

   \                                 In section .text, align 4, keep-with-next
   \                     ??DataTable9_3:
   \   00000000   0x........         DC32     I

   \                                 In section .text, align 4, keep-with-next
   \                     ??DataTable9_4:
   \   00000000   0x41630A3D         DC32     0x41630a3d

   \                                 In section .text, align 4, keep-with-next
   \                     ??DataTable9_5:
   \   00000000   0x........         DC32     D

   \                                 In section .text, align 4, keep-with-next
   \                     ??DataTable9_6:
   \   00000000   0x........         DC32     `P2`

   \                                 In section .text, align 4, keep-with-next
   \                     ??DataTable9_7:
   \   00000000   0x........         DC32     I2

   \                                 In section .text, align 4, keep-with-next
   \                     ??DataTable9_8:
   \   00000000   0x........         DC32     D2

   \                                 In section .text, align 4, keep-with-next
   \                     ??DataTable9_9:
   \   00000000   0x42200000         DC32     0x42200000

   \                                 In section .text, align 4, keep-with-next
   \                     ??DataTable9_10:
   \   00000000   0x........         DC32     x_sit

   \                                 In section .text, align 4, keep-with-next
   \                     ??DataTable9_11:
   \   00000000   0x........         DC32     x

   \                                 In section .text, align 4, keep-with-next
   \                     ??DataTable9_12:
   \   00000000   0x........         DC32     y_sit

   \                                 In section .text, align 4, keep-with-next
   \                     ??DataTable9_13:
   \   00000000   0x........         DC32     y

   \                                 In section .text, align 4, keep-with-next
   \                     ??DataTable9_14:
   \   00000000   0x400EA000         DC32     0x400ea000

   \                                 In section .text, align 4, keep-with-next
   \                     ??DataTable9_15:
   \   00000000   0x........         DC32     uart0_init_struct

   \                                 In section .text, align 4, keep-with-next
   \                     ??DataTable9_16:
   \   00000000   0x4006A000         DC32     0x4006a000

   \                                 In section .text, align 4, keep-with-next
   \                     ??DataTable9_17:
   \   00000000   0x4006D000         DC32     0x4006d000

   \                                 In section .text, align 4, keep-with-next
   \                     ??DataTable9_18:
   \   00000000   0x40038000         DC32     0x40038000

   \                                 In section .text, align 4, keep-with-next
   \                     ??DataTable9_19:
   \   00000000   0x........         DC32     ftm_init_struct

   \                                 In section .text, align 4, keep-with-next
   \                     ??DataTable9_20:
   \   00000000   0x40039000         DC32     0x40039000

   \                                 In section .text, align 4, keep-with-next
   \                     ??DataTable9_21:
   \   00000000   0x400FF080         DC32     0x400ff080

   \                                 In section .text, align 4, keep-with-next
   \                     ??DataTable9_22:
   \   00000000   0x........         DC32     gpio_init_struct

   \                                 In section .text, align 4, keep-with-next
   \                     ??DataTable9_23:
   \   00000000   0x000101F2         DC32     0x101f2

   \                                 In section .text, align 4, keep-with-next
   \                     ??DataTable9_24:
   \   00000000   0x43FE101C         DC32     0x43fe101c

   \                                 In section .text, align 4, keep-with-next
   \                     ??DataTable9_25:
   \   00000000   0x43FE1010         DC32     0x43fe1010

   \                                 In section .text, align 4, keep-with-next
   \                     ??DataTable9_26:
   \   00000000   0x........         DC32     pit_init_struct

   \                                 In section .text, align 4, keep-with-next
   \                     ??DataTable9_27:
   \   00000000   0x........         DC32     pit_isr

   \                                 In section .text, align 4, keep-with-next
   \                     ??DataTable9_28:
   \   00000000   0x........         DC32     nvic

   \                                 In section .text, align 4, keep-with-next
   \                     ??DataTable9_29:
   \   00000000   0x........         DC32     site

   \                                 In section .text, align 4, keep-with-next
   \                     ??DataTable9_30:
   \   00000000   0x........         DC32     site1

   \                                 In section .text, align 4, keep-with-next
   \                     ??DataTable9_31:
   \   00000000   0x........         DC32     site2

   \                                 In section .text, align 4, keep-with-next
   \                     ??DataTable9_32:
   \   00000000   0x........         DC32     site3

   \                                 In section .text, align 4, keep-with-next
   \                     ??DataTable9_33:
   \   00000000   0x........         DC32     x_

   \                                 In section .text, align 4, keep-with-next
   \                     ??DataTable9_34:
   \   00000000   0x405E0000         DC32     0x405e0000

   \                                 In section .text, align 4, keep-with-next
   \                     ??DataTable9_35:
   \   00000000   0x3FD00000         DC32     0x3fd00000

   \                                 In section .text, align 4, keep-with-next
   \                     ??DataTable9_36:
   \   00000000   0x........         DC32     adress2

   \                                 In section .text, align 4, keep-with-next
   \                     ??DataTable9_37:
   \   00000000   0x........         DC32     adress_err2

   \                                 In section .text, align 4, keep-with-next
   \                     ??DataTable9_38:
   \   00000000   0x........         DC32     adress_err_all2

   \                                 In section .text, align 4, keep-with-next
   \                     ??DataTable9_39:
   \   00000000   0x41A00001         DC32     0x41a00001

   \                                 In section .text, align 4, keep-with-next
   \                     ??DataTable9_40:
   \   00000000   0xC1A00000         DC32     0xc1a00000

   \                                 In section .text, align 4, keep-with-next
   \                     ??DataTable9_41:
   \   00000000   0x........         DC32     KI2

   \                                 In section .text, align 4, keep-with-next
   \                     ??DataTable9_42:
   \   00000000   0x41C80001         DC32     0x41c80001

   \                                 In section .text, align 4, keep-with-next
   \                     ??DataTable9_43:
   \   00000000   0x41C80000         DC32     0x41c80000

   \                                 In section .text, align 4, keep-with-next
   \                     ??DataTable9_44:
   \   00000000   0xC1C80000         DC32     0xc1c80000

   \                                 In section .text, align 4, keep-with-next
   \                     ??DataTable9_45:
   \   00000000   0x........         DC32     y_

   \                                 In section .text, align 4, keep-with-next
   \                     ??DataTable9_46:
   \   00000000   0x40590000         DC32     0x40590000

   \                                 In section .text, align 4, keep-with-next
   \                     ??DataTable9_47:
   \   00000000   0x........         DC32     adress

   \                                 In section .text, align 4, keep-with-next
   \                     ??DataTable9_48:
   \   00000000   0x........         DC32     adress_err

   \                                 In section .text, align 4, keep-with-next
   \                     ??DataTable9_49:
   \   00000000   0x........         DC32     adress_err_all

   \                                 In section .text, align 4, keep-with-next
   \                     ??DataTable9_50:
   \   00000000   0x........         DC32     KI
    442          

   Maximum stack usage in bytes:

   .cstack Function
   ------- --------
      32   FTM_init
        16   -> LPLD_FTM_Init
        16   -> LPLD_FTM_PWM_Enable
        32   -> __aeabi_memcpy4
      32   FTM_init2
        16   -> LPLD_FTM_Init
        16   -> LPLD_FTM_PWM_Enable
        32   -> __aeabi_memcpy4
      24   GPIO_init
         8   -> LPLD_GPIO_Init
        24   -> __aeabi_memcpy4
      24   NVIC_init
         8   -> LPLD_NVIC_Init
        24   -> __aeabi_memcpy4
      24   PIT_init
         8   -> LPLD_PIT_EnableIrq
         8   -> LPLD_PIT_Init
        24   -> __aeabi_memcpy4
       0   debug_write
       0   debug_write_b
      16   debug_write_c
        16   -> LPLD_UART_GetChar
        16   -> __aeabi_d2iz
        16   -> __aeabi_dadd
        16   -> __aeabi_dmul
        16   -> __aeabi_f2d
        16   -> __aeabi_fadd
        16   -> __aeabi_fsub
        16   -> __aeabi_i2f
        16   -> __aeabi_ui2f
        16 __aeabi_cdcmple
        16 __aeabi_cfcmple
        16 __aeabi_cfrcmple
       8   initialzation
         8   -> FTM_init
         8   -> FTM_init2
         8   -> GPIO_init
         8   -> PIT_init
         8   -> uart_init
         8   -> uart_init_b
         8   -> uart_init_c
         8   -> variation
      32   uart_init
        16   -> LPLD_UART_Init
        32   -> __aeabi_memcpy4
      32   uart_init_b
        16   -> LPLD_UART_EnableIrq
        16   -> LPLD_UART_Init
        32   -> __aeabi_memcpy4
      32   uart_init_c
        16   -> LPLD_UART_EnableIrq
        16   -> LPLD_UART_Init
        32   -> __aeabi_memcpy4
       0   variation


   Section sizes:

   Bytes  Function/Label
   -----  --------------
       4  ??DataTable9
       4  ??DataTable9_1
       4  ??DataTable9_10
       4  ??DataTable9_11
       4  ??DataTable9_12
       4  ??DataTable9_13
       4  ??DataTable9_14
       4  ??DataTable9_15
       4  ??DataTable9_16
       4  ??DataTable9_17
       4  ??DataTable9_18
       4  ??DataTable9_19
       4  ??DataTable9_2
       4  ??DataTable9_20
       4  ??DataTable9_21
       4  ??DataTable9_22
       4  ??DataTable9_23
       4  ??DataTable9_24
       4  ??DataTable9_25
       4  ??DataTable9_26
       4  ??DataTable9_27
       4  ??DataTable9_28
       4  ??DataTable9_29
       4  ??DataTable9_3
       4  ??DataTable9_30
       4  ??DataTable9_31
       4  ??DataTable9_32
       4  ??DataTable9_33
       4  ??DataTable9_34
       4  ??DataTable9_35
       4  ??DataTable9_36
       4  ??DataTable9_37
       4  ??DataTable9_38
       4  ??DataTable9_39
       4  ??DataTable9_4
       4  ??DataTable9_40
       4  ??DataTable9_41
       4  ??DataTable9_42
       4  ??DataTable9_43
       4  ??DataTable9_44
       4  ??DataTable9_45
       4  ??DataTable9_46
       4  ??DataTable9_47
       4  ??DataTable9_48
       4  ??DataTable9_49
       4  ??DataTable9_5
       4  ??DataTable9_50
       4  ??DataTable9_6
       4  ??DataTable9_7
       4  ??DataTable9_8
       4  ??DataTable9_9
       4  D
       4  D2
      70  FTM_init
      70  FTM_init2
       4  GATE
      84  GPIO_init
       4  I
       4  I1
       4  I12
       4  I2
       4  KD
       4  KD2
     184  NVIC_init
       4  P
       4  P1
       4  P12
       4  P2
      78  PIT_init
       2  TAKE
       4  angle
       4  angle2
       2  debug_write
       2  debug_write_b
     968  debug_write_c
       1  fsend
      28  ftm_init_struct
       1  gate
       1  gate1
       1  gate2
      20  gpio_init_struct
      36  initialzation
      20  nvic
      20  pit_init_struct
       4  send
       1  site
       1  site1
       1  site2
       1  site3
       1  start
       2  take
       2  take1
       2  take2
      28  uart0_init_struct
      60  uart_init
      98  uart_init_b
      98  uart_init_c
     106  variation
      32  x_
      32  y_

 
   261 bytes in section .bss
 2 060 bytes in section .text
 
 2 060 bytes of CODE memory
   261 bytes of DATA memory

Errors: none
Warnings: none
