###############################################################################
#
# IAR ANSI C/C++ Compiler V7.60.2.11341/W32 for ARM       14/Jun/2017  16:43:18
# Copyright 1999-2016 IAR Systems AB.
#
#    Cpu mode     =  thumb
#    Endian       =  little
#    Source file  =  
#        C:\Users\shize\Desktop\电设\bloodc\project\ball - 副本 - 副本 -
#        副本\my\mpu9265.c
#    Command line =  
#        "C:\Users\shize\Desktop\电设\bloodc\project\ball - 副本 - 副本 -
#        副本\my\mpu9265.c" -D LPLD_K60 -D USE_K60DZ10 -lCN
#        "C:\Users\shize\Desktop\电设\bloodc\project\ball - 副本 - 副本 -
#        副本\iar\FLASH\List" -lB
#        "C:\Users\shize\Desktop\电设\bloodc\project\ball - 副本 - 副本 -
#        副本\iar\FLASH\List" -o
#        "C:\Users\shize\Desktop\电设\bloodc\project\ball - 副本 - 副本 -
#        副本\iar\FLASH\Obj" --no_cse --no_unroll --no_inline --no_code_motion
#        --no_tbaa --no_clustering --no_scheduling --debug --endian=little
#        --cpu=Cortex-M4 -e --fpu=None --dlib_config "C:\Program Files
#        (x86)\IAR Systems\Embedded Workbench
#        7.4\arm\INC\c\DLib_Config_Normal.h" -I
#        "C:\Users\shize\Desktop\电设\bloodc\project\ball - 副本 - 副本 -
#        副本\iar\..\app\" -I "C:\Users\shize\Desktop\电设\bloodc\project\ball
#        - 副本 - 副本 - 副本\iar\..\..\..\lib\CPU\" -I
#        "C:\Users\shize\Desktop\电设\bloodc\project\ball - 副本 - 副本 -
#        副本\iar\..\..\..\lib\common\" -I
#        "C:\Users\shize\Desktop\电设\bloodc\project\ball - 副本 - 副本 -
#        副本\iar\..\..\..\lib\LPLD\" -I
#        "C:\Users\shize\Desktop\电设\bloodc\project\ball - 副本 - 副本 -
#        副本\iar\..\..\..\lib\LPLD\HW\" -I
#        "C:\Users\shize\Desktop\电设\bloodc\project\ball - 副本 - 副本 -
#        副本\iar\..\..\..\lib\LPLD\DEV\" -I
#        "C:\Users\shize\Desktop\电设\bloodc\project\ball - 副本 - 副本 -
#        副本\iar\..\..\..\lib\LPLD\FUNC\" -I
#        "C:\Users\shize\Desktop\电设\bloodc\project\ball - 副本 - 副本 -
#        副本\iar\..\..\..\lib\uCOS-II\Ports\" -I
#        "C:\Users\shize\Desktop\电设\bloodc\project\ball - 副本 - 副本 -
#        副本\iar\..\..\..\lib\uCOS-II\Source\" -I
#        "C:\Users\shize\Desktop\电设\bloodc\project\ball - 副本 - 副本 -
#        副本\iar\..\..\..\lib\FatFs\" -I
#        "C:\Users\shize\Desktop\电设\bloodc\project\ball - 副本 - 副本 -
#        副本\iar\..\..\..\lib\FatFs\option\" -I
#        "C:\Users\shize\Desktop\电设\bloodc\project\ball - 副本 - 副本 -
#        副本\iar\..\..\..\lib\USB\common\" -I
#        "C:\Users\shize\Desktop\电设\bloodc\project\ball - 副本 - 副本 -
#        副本\iar\..\..\..\lib\USB\driver\" -I
#        "C:\Users\shize\Desktop\电设\bloodc\project\ball - 副本 - 副本 -
#        副本\iar\..\..\..\lib\USB\descriptor\" -I
#        "C:\Users\shize\Desktop\电设\bloodc\project\ball - 副本 - 副本 -
#        副本\iar\..\..\..\lib\USB\class\" -I
#        "C:\Users\shize\Desktop\电设\bloodc\project\ball - 副本 - 副本 -
#        副本\iar\..\my\" -Ol -I "C:\Program Files (x86)\IAR Systems\Embedded
#        Workbench 7.4\arm\CMSIS\Include\" -D ARM_MATH_CM4
#    Locale       =  Chinese (Simplified)_China.936
#    List file    =  
#        C:\Users\shize\Desktop\电设\bloodc\project\ball - 副本 - 副本 -
#        副本\iar\FLASH\List\mpu9265.lst
#    Object file  =  
#        C:\Users\shize\Desktop\电设\bloodc\project\ball - 副本 - 副本 -
#        副本\iar\FLASH\Obj\mpu9265.o
#
###############################################################################

C:\Users\shize\Desktop\电设\bloodc\project\ball - 副本 - 副本 - 副本\my\mpu9265.c
      1          /**
      2           * @file L3G4200d.c
      3           * @version yang
      4           * @date 2017/2/21
      5           * @brief L3G4200D设备驱动程序
      6           *
      7           * 更改建议:可根据实际硬件修改
      8           *
      9           * 版权所有:北京拉普兰德电子技术有限公司
     10           * http://www.lpld.cn
     11           * mail:support@lpld.cn
     12           *
     13           * @par
     14           * 本代码由拉普兰德[LPLD]开发并维护，并向所有使用者开放源代码。
     15           * 开发者可以随意修使用或改源代码。但本段及以上注释应予以保留。
     16           * 不得更改或删除原版权所有者姓名，二次开发者可以加注二次版权所有者。
     17           * 但应在遵守此协议的基础上，开放源代码、不得出售代码本身。
     18           * 拉普兰德不负责由于使用本代码所带来的任何事故、法律责任或相关不良影响。
     19           * 拉普兰德无义务解释、说明本代码的具体原理、功能、实现方法。
     20           * 除非拉普兰德[LPLD]授权，开发者不得将本代码用于商业产品。
     21           */
     22          #include "mpu9265.h"
     23          
     24          
     25          static void mpu9265_Delay(void);
     26          void delay_ms(unsigned int );
     27          /*
     28           *    mpu9265_Delay_Init
     29           *   初始化MMA7660，包括初始化7660所需的I2C接口以及7660的寄存器
     30           *
     31           *   参数：
     32           *    无
     33           */

   \                                 In section .text, align 2, keep-with-next
     34          void mpu9265_I2C_init(void)
     35          {
   \                     mpu9265_I2C_init: (+1)
   \   00000000   0xB500             PUSH     {LR}
   \   00000002   0xB085             SUB      SP,SP,#+20
     36            I2C_InitTypeDef i2c_init_param;
     37              
     38            //L3G4200D_I2CX
     39            i2c_init_param.I2C_I2Cx = L3G4200D_I2CX;       //在L3G4200D.h中修改该值
   \   00000004   0x....             LDR.N    R0,??DataTable2  ;; 0x40066000
   \   00000006   0x9000             STR      R0,[SP, #+0]
     40            i2c_init_param.I2C_IntEnable = FALSE;
   \   00000008   0x2000             MOVS     R0,#+0
   \   0000000A   0xF88D 0x0005      STRB     R0,[SP, #+5]
     41            i2c_init_param.I2C_ICR = L3G4200D_SCL_200KHZ ;  //可根据实际电路更改SCL频率//标准模式和快速模式怎么修改？
   \   0000000E   0x2023             MOVS     R0,#+35
   \   00000010   0xF88D 0x0004      STRB     R0,[SP, #+4]
     42            i2c_init_param.I2C_SclPin = L3G4200D_SCLPIN;   //在L3G4200D.h中修改该值
   \   00000014   0x2020             MOVS     R0,#+32
   \   00000016   0xF88D 0x0006      STRB     R0,[SP, #+6]
     43            i2c_init_param.I2C_SdaPin = L3G4200D_SDAPIN;   //在L3G4200D.h中修改该值
   \   0000001A   0x2021             MOVS     R0,#+33
   \   0000001C   0xF88D 0x0007      STRB     R0,[SP, #+7]
     44            i2c_init_param.I2C_Isr = NULL;
   \   00000020   0x2000             MOVS     R0,#+0
   \   00000022   0x9003             STR      R0,[SP, #+12]
     45            
     46            LPLD_I2C_Init(i2c_init_param);
   \   00000024   0x4668             MOV      R0,SP
   \   00000026   0xC80F             LDM      R0,{R0-R3}
   \   00000028   0x.... 0x....      BL       LPLD_I2C_Init
     47            
     48          
     49          }
   \   0000002C   0xB005             ADD      SP,SP,#+20
   \   0000002E   0xBD00             POP      {PC}             ;; return
     50          
     51          
     52          /*
     53           *   mpu9265_WriteReg
     54           *   该函数用于配置L3G4200D的寄存器
     55           *
     56           *   参数：
     57           *   RegisterAddress 
     58           *    |__ L3G4200D寄存器地址
     59           *   Data
     60           *    |__ 具体写入的字节型数据 
     61           */

   \                                 In section .text, align 2, keep-with-next
     62          void mpu9265_WriteReg(uint8 RegisterAddress, uint8 Data)
     63          {
   \                     mpu9265_WriteReg: (+1)
   \   00000000   0xB538             PUSH     {R3-R5,LR}
   \   00000002   0x0004             MOVS     R4,R0
   \   00000004   0x000D             MOVS     R5,R1
     64            //发送从机地址
     65            LPLD_I2C_StartTrans(L3G4200D_I2CX, L3G4200D_Addr, I2C_MWSR);
   \   00000006   0x2200             MOVS     R2,#+0
   \   00000008   0x2168             MOVS     R1,#+104
   \   0000000A   0x....             LDR.N    R0,??DataTable2  ;; 0x40066000
   \   0000000C   0x.... 0x....      BL       LPLD_I2C_StartTrans
     66            LPLD_I2C_WaitAck(L3G4200D_I2CX, I2C_ACK_ON);
   \   00000010   0x2101             MOVS     R1,#+1
   \   00000012   0x....             LDR.N    R0,??DataTable2  ;; 0x40066000
   \   00000014   0x.... 0x....      BL       LPLD_I2C_WaitAck
     67            
     68            //写MMA7660寄存器地址
     69            LPLD_I2C_WriteByte(L3G4200D_I2CX, RegisterAddress);
   \   00000018   0x0021             MOVS     R1,R4
   \   0000001A   0xB2C9             UXTB     R1,R1            ;; ZeroExt  R1,R1,#+24,#+24
   \   0000001C   0x....             LDR.N    R0,??DataTable2  ;; 0x40066000
   \   0000001E   0x.... 0x....      BL       LPLD_I2C_WriteByte
     70            LPLD_I2C_WaitAck(L3G4200D_I2CX, I2C_ACK_ON);
   \   00000022   0x2101             MOVS     R1,#+1
   \   00000024   0x....             LDR.N    R0,??DataTable2  ;; 0x40066000
   \   00000026   0x.... 0x....      BL       LPLD_I2C_WaitAck
     71            
     72            //向寄存器中写具体数据
     73            LPLD_I2C_WriteByte(L3G4200D_I2CX, Data);
   \   0000002A   0x0029             MOVS     R1,R5
   \   0000002C   0xB2C9             UXTB     R1,R1            ;; ZeroExt  R1,R1,#+24,#+24
   \   0000002E   0x....             LDR.N    R0,??DataTable2  ;; 0x40066000
   \   00000030   0x.... 0x....      BL       LPLD_I2C_WriteByte
     74            LPLD_I2C_WaitAck(L3G4200D_I2CX, I2C_ACK_ON);
   \   00000034   0x2101             MOVS     R1,#+1
   \   00000036   0x....             LDR.N    R0,??DataTable2  ;; 0x40066000
   \   00000038   0x.... 0x....      BL       LPLD_I2C_WaitAck
     75          
     76            LPLD_I2C_Stop(L3G4200D_I2CX);
   \   0000003C   0x....             LDR.N    R0,??DataTable2  ;; 0x40066000
   \   0000003E   0x.... 0x....      BL       LPLD_I2C_Stop
     77            
     78            
     79            mpu9265_Delay();
   \   00000042   0x.... 0x....      BL       mpu9265_Delay
     80            
     81          }
   \   00000046   0xBD31             POP      {R0,R4,R5,PC}    ;; return
     82          
     83          /*
     84           *   mpu9265_WriteReg
     85           *   该函数用于读取L3G4200D的数据
     86           *
     87           *   参数：
     88           *     RegisterAddress 
     89           *        |__ L3G4200D寄存器地址
     90           *   返回值
     91           *      tuoluoyi传感器的测量值
     92           */

   \                                 In section .text, align 2, keep-with-next
     93          uint8 mpu9265_ReadReg(uint8 RegisterAddress)
     94          {
   \                     mpu9265_ReadReg: (+1)
   \   00000000   0xB510             PUSH     {R4,LR}
   \   00000002   0x0004             MOVS     R4,R0
     95            uint8 result;
     96          
     97            //发送从机地址
     98            LPLD_I2C_StartTrans(L3G4200D_I2CX, L3G4200D_Addr, I2C_MWSR);
   \   00000004   0x2200             MOVS     R2,#+0
   \   00000006   0x2168             MOVS     R1,#+104
   \   00000008   0x....             LDR.N    R0,??DataTable2  ;; 0x40066000
   \   0000000A   0x.... 0x....      BL       LPLD_I2C_StartTrans
     99            LPLD_I2C_WaitAck(L3G4200D_I2CX, I2C_ACK_ON);
   \   0000000E   0x2101             MOVS     R1,#+1
   \   00000010   0x....             LDR.N    R0,??DataTable2  ;; 0x40066000
   \   00000012   0x.... 0x....      BL       LPLD_I2C_WaitAck
    100          
    101            //写MMA7660寄存器地址
    102            LPLD_I2C_WriteByte(L3G4200D_I2CX, RegisterAddress);
   \   00000016   0x0021             MOVS     R1,R4
   \   00000018   0xB2C9             UXTB     R1,R1            ;; ZeroExt  R1,R1,#+24,#+24
   \   0000001A   0x....             LDR.N    R0,??DataTable2  ;; 0x40066000
   \   0000001C   0x.... 0x....      BL       LPLD_I2C_WriteByte
    103            LPLD_I2C_WaitAck(L3G4200D_I2CX, I2C_ACK_ON);
   \   00000020   0x2101             MOVS     R1,#+1
   \   00000022   0x....             LDR.N    R0,??DataTable2  ;; 0x40066000
   \   00000024   0x.... 0x....      BL       LPLD_I2C_WaitAck
    104          
    105            //再次产生开始信号
    106            LPLD_I2C_ReStart(L3G4200D_I2CX);
   \   00000028   0x....             LDR.N    R0,??DataTable2  ;; 0x40066000
   \   0000002A   0x.... 0x....      BL       LPLD_I2C_ReStart
    107          
    108            //发送从机地址和读取位L3G4200D
    109            LPLD_I2C_WriteByte(L3G4200D_I2CX, L3G4200D_READ);
   \   0000002E   0x21D1             MOVS     R1,#+209
   \   00000030   0x....             LDR.N    R0,??DataTable2  ;; 0x40066000
   \   00000032   0x.... 0x....      BL       LPLD_I2C_WriteByte
    110            LPLD_I2C_WaitAck(L3G4200D_I2CX, I2C_ACK_ON);
   \   00000036   0x2101             MOVS     R1,#+1
   \   00000038   0x....             LDR.N    R0,??DataTable2  ;; 0x40066000
   \   0000003A   0x.... 0x....      BL       LPLD_I2C_WaitAck
    111          
    112            //转换主机模式为读
    113            LPLD_I2C_SetMasterWR(L3G4200D_I2CX, I2C_MRSW);
   \   0000003E   0x2101             MOVS     R1,#+1
   \   00000040   0x....             LDR.N    R0,??DataTable2  ;; 0x40066000
   \   00000042   0x.... 0x....      BL       LPLD_I2C_SetMasterWR
    114          
    115            //关闭应答ACK
    116            LPLD_I2C_WaitAck(L3G4200D_I2CX, I2C_ACK_OFF);//关闭ACK
   \   00000046   0x2100             MOVS     R1,#+0
   \   00000048   0x....             LDR.N    R0,??DataTable2  ;; 0x40066000
   \   0000004A   0x.... 0x....      BL       LPLD_I2C_WaitAck
    117          
    118            //读IIC数据
    119            result =LPLD_I2C_ReadByte(L3G4200D_I2CX);
   \   0000004E   0x....             LDR.N    R0,??DataTable2  ;; 0x40066000
   \   00000050   0x.... 0x....      BL       LPLD_I2C_ReadByte
   \   00000054   0x0004             MOVS     R4,R0
    120            LPLD_I2C_WaitAck(L3G4200D_I2CX, I2C_ACK_ON);
   \   00000056   0x2101             MOVS     R1,#+1
   \   00000058   0x....             LDR.N    R0,??DataTable2  ;; 0x40066000
   \   0000005A   0x.... 0x....      BL       LPLD_I2C_WaitAck
    121          
    122            //发送停止信号
    123            LPLD_I2C_Stop(L3G4200D_I2CX);
   \   0000005E   0x....             LDR.N    R0,??DataTable2  ;; 0x40066000
   \   00000060   0x.... 0x....      BL       LPLD_I2C_Stop
    124          
    125             //读IIC数据
    126            result = LPLD_I2C_ReadByte(L3G4200D_I2CX);
   \   00000064   0x....             LDR.N    R0,??DataTable2  ;; 0x40066000
   \   00000066   0x.... 0x....      BL       LPLD_I2C_ReadByte
   \   0000006A   0x0004             MOVS     R4,R0
    127            
    128            mpu9265_Delay();
   \   0000006C   0x.... 0x....      BL       mpu9265_Delay
    129          
    130            return result;
   \   00000070   0x0020             MOVS     R0,R4
   \   00000072   0xB2C0             UXTB     R0,R0            ;; ZeroExt  R0,R0,#+24,#+24
   \   00000074   0xBD10             POP      {R4,PC}          ;; return
    131          }
    132          
    133          ///*
    134          // * 函数功能：读L3G4200D jiao速度输出
    135          // * 参数w
    136          // *       Regs_Addr - 加速度寄存器地址
    137          // * 函数返回值：加速度值（int8）
    138          // */   
    139          //int8 mpu9265_GetResult(uint8 Regs_Addr) 
    140          //{
    141          //   char ret;
    142          //   
    143          ////   if(Regs_Addr>OUT_Z_H)
    144          ////    return 0;
    145          //   
    146          //// 等待转换完成并取出值   
    147          //   ret=mpu9265_ReadReg(Regs_Addr);
    148          ////     while(ret&0x40) {
    149          ////    ret=LPLD_MMA7660_ReadReg(Regs_Addr);
    150          ////  }
    151          // 
    152          //   return ret;
    153          //
    154          //}
    155          
    156          
    157          /*
    158           * 延时函数
    159           */

   \                                 In section .text, align 4, keep-with-next
    160          static void mpu9265_Delay(void){
    161            int n;
    162            for(n=1;n<200;n++)
   \                     mpu9265_Delay: (+1)
   \   00000000   0x2001             MOVS     R0,#+1
   \   00000002   0xE001             B.N      ??mpu9265_Delay_0
    163            {
    164              asm("nop");
   \                     ??mpu9265_Delay_1: (+1)
   \   00000004   0xBF00             nop
    165            }
   \   00000006   0x1C40             ADDS     R0,R0,#+1
   \                     ??mpu9265_Delay_0: (+1)
   \   00000008   0x28C8             CMP      R0,#+200
   \   0000000A   0xDBFB             BLT.N    ??mpu9265_Delay_1
    166          }
   \   0000000C   0x4770             BX       LR               ;; return
    167          
    168          /*
    169           * 延时ms
    170           */

   \                                 In section .text, align 4, keep-with-next
    171          void delay_ms(unsigned int ms)
    172          {
    173            unsigned int i, n;
    174            for(n=0;n<ms;n++)
   \                     delay_ms: (+1)
   \   00000000   0x2200             MOVS     R2,#+0
   \   00000002   0xE006             B.N      ??delay_ms_0
    175            {
    176            for(i=0;i<16666;i++)
    177             {
    178              asm("nop");
   \                     ??delay_ms_1: (+1)
   \   00000004   0xBF00             nop
    179             }
   \   00000006   0x1C49             ADDS     R1,R1,#+1
   \                     ??delay_ms_2: (+1)
   \   00000008   0xF244 0x131A      MOVW     R3,#+16666
   \   0000000C   0x4299             CMP      R1,R3
   \   0000000E   0xD3F9             BCC.N    ??delay_ms_1
   \   00000010   0x1C52             ADDS     R2,R2,#+1
   \                     ??delay_ms_0: (+1)
   \   00000012   0x4282             CMP      R2,R0
   \   00000014   0xD201             BCS.N    ??delay_ms_3
   \   00000016   0x2100             MOVS     R1,#+0
   \   00000018   0xE7F6             B.N      ??delay_ms_2
    180            }
    181          }
   \                     ??delay_ms_3: (+1)
   \   0000001A   0x4770             BX       LR               ;; return

   \                                 In section .text, align 4, keep-with-next
   \                     ??DataTable2:
   \   00000000   0x40066000         DC32     0x40066000

   Maximum stack usage in bytes:

   .cstack Function
   ------- --------
       0   delay_ms
       0   mpu9265_Delay
      24   mpu9265_I2C_init
        24   -> LPLD_I2C_Init
       8   mpu9265_ReadReg
         8   -> LPLD_I2C_ReStart
         8   -> LPLD_I2C_ReadByte
         8   -> LPLD_I2C_SetMasterWR
         8   -> LPLD_I2C_StartTrans
         8   -> LPLD_I2C_Stop
         8   -> LPLD_I2C_WaitAck
         8   -> LPLD_I2C_WriteByte
         8   -> mpu9265_Delay
      16   mpu9265_WriteReg
        16   -> LPLD_I2C_StartTrans
        16   -> LPLD_I2C_Stop
        16   -> LPLD_I2C_WaitAck
        16   -> LPLD_I2C_WriteByte
        16   -> mpu9265_Delay


   Section sizes:

   Bytes  Function/Label
   -----  --------------
       4  ??DataTable2
      28  delay_ms
      14  mpu9265_Delay
      48  mpu9265_I2C_init
     118  mpu9265_ReadReg
      72  mpu9265_WriteReg

 
 284 bytes in section .text
 
 284 bytes of CODE memory

Errors: none
Warnings: none
